{"uid":"77494bc015d43242","name":"test_build_and_deploy","fullName":"tests.integration.test_charm#test_build_and_deploy","historyId":"6e6e907ed99cb080c4e76760513358b7","time":{"start":1733905907151,"stop":1733905915166,"duration":8015},"description":"Build the charm-under-test and deploy it together with related charms.\n\n    Assert on the unit status before any relations/configurations take place.\n    ","descriptionHtml":"<p>Build the charm-under-test and deploy it together with related charms.</p>\n<pre><code>Assert on the unit status before any relations/configurations take place.\n</code></pre>\n","status":"broken","statusMessage":"juju.errors.JujuUnitError: Unit in error: test/0","statusTrace":"Traceback (most recent call last):\n  File \"/home/runner/work/operator-workflows/operator-workflows/tests/workflows/integration/test-upload-charm/.tox/integration-juju3.1/lib/python3.10/site-packages/_pytest/runner.py\", line 341, in from_call\n    result: TResult | None = func()\n  File \"/home/runner/work/operator-workflows/operator-workflows/tests/workflows/integration/test-upload-charm/.tox/integration-juju3.1/lib/python3.10/site-packages/_pytest/runner.py\", line 242, in <lambda>\n    lambda: runtest_hook(item=item, **kwds), when=when, reraise=reraise\n  File \"/home/runner/work/operator-workflows/operator-workflows/tests/workflows/integration/test-upload-charm/.tox/integration-juju3.1/lib/python3.10/site-packages/pluggy/_hooks.py\", line 513, in __call__\n    return self._hookexec(self.name, self._hookimpls.copy(), kwargs, firstresult)\n  File \"/home/runner/work/operator-workflows/operator-workflows/tests/workflows/integration/test-upload-charm/.tox/integration-juju3.1/lib/python3.10/site-packages/pluggy/_manager.py\", line 120, in _hookexec\n    return self._inner_hookexec(hook_name, methods, kwargs, firstresult)\n  File \"/home/runner/work/operator-workflows/operator-workflows/tests/workflows/integration/test-upload-charm/.tox/integration-juju3.1/lib/python3.10/site-packages/pluggy/_callers.py\", line 182, in _multicall\n    return outcome.get_result()\n  File \"/home/runner/work/operator-workflows/operator-workflows/tests/workflows/integration/test-upload-charm/.tox/integration-juju3.1/lib/python3.10/site-packages/pluggy/_result.py\", line 100, in get_result\n    raise exc.with_traceback(exc.__traceback__)\n  File \"/home/runner/work/operator-workflows/operator-workflows/tests/workflows/integration/test-upload-charm/.tox/integration-juju3.1/lib/python3.10/site-packages/pluggy/_callers.py\", line 167, in _multicall\n    teardown.throw(outcome._exception)\n  File \"/home/runner/work/operator-workflows/operator-workflows/tests/workflows/integration/test-upload-charm/.tox/integration-juju3.1/lib/python3.10/site-packages/_pytest/threadexception.py\", line 92, in pytest_runtest_call\n    yield from thread_exception_runtest_hook()\n  File \"/home/runner/work/operator-workflows/operator-workflows/tests/workflows/integration/test-upload-charm/.tox/integration-juju3.1/lib/python3.10/site-packages/_pytest/threadexception.py\", line 68, in thread_exception_runtest_hook\n    yield\n  File \"/home/runner/work/operator-workflows/operator-workflows/tests/workflows/integration/test-upload-charm/.tox/integration-juju3.1/lib/python3.10/site-packages/pluggy/_callers.py\", line 167, in _multicall\n    teardown.throw(outcome._exception)\n  File \"/home/runner/work/operator-workflows/operator-workflows/tests/workflows/integration/test-upload-charm/.tox/integration-juju3.1/lib/python3.10/site-packages/_pytest/unraisableexception.py\", line 95, in pytest_runtest_call\n    yield from unraisable_exception_runtest_hook()\n  File \"/home/runner/work/operator-workflows/operator-workflows/tests/workflows/integration/test-upload-charm/.tox/integration-juju3.1/lib/python3.10/site-packages/_pytest/unraisableexception.py\", line 70, in unraisable_exception_runtest_hook\n    yield\n  File \"/home/runner/work/operator-workflows/operator-workflows/tests/workflows/integration/test-upload-charm/.tox/integration-juju3.1/lib/python3.10/site-packages/pluggy/_callers.py\", line 167, in _multicall\n    teardown.throw(outcome._exception)\n  File \"/home/runner/work/operator-workflows/operator-workflows/tests/workflows/integration/test-upload-charm/.tox/integration-juju3.1/lib/python3.10/site-packages/_pytest/logging.py\", line 846, in pytest_runtest_call\n    yield from self._runtest_for(item, \"call\")\n  File \"/home/runner/work/operator-workflows/operator-workflows/tests/workflows/integration/test-upload-charm/.tox/integration-juju3.1/lib/python3.10/site-packages/_pytest/logging.py\", line 829, in _runtest_for\n    yield\n  File \"/home/runner/work/operator-workflows/operator-workflows/tests/workflows/integration/test-upload-charm/.tox/integration-juju3.1/lib/python3.10/site-packages/pluggy/_callers.py\", line 167, in _multicall\n    teardown.throw(outcome._exception)\n  File \"/home/runner/work/operator-workflows/operator-workflows/tests/workflows/integration/test-upload-charm/.tox/integration-juju3.1/lib/python3.10/site-packages/_pytest/capture.py\", line 880, in pytest_runtest_call\n    return (yield)\n  File \"/home/runner/work/operator-workflows/operator-workflows/tests/workflows/integration/test-upload-charm/.tox/integration-juju3.1/lib/python3.10/site-packages/pluggy/_callers.py\", line 167, in _multicall\n    teardown.throw(outcome._exception)\n  File \"/home/runner/work/operator-workflows/operator-workflows/tests/workflows/integration/test-upload-charm/.tox/integration-juju3.1/lib/python3.10/site-packages/_pytest/skipping.py\", line 257, in pytest_runtest_call\n    return (yield)\n  File \"/home/runner/work/operator-workflows/operator-workflows/tests/workflows/integration/test-upload-charm/.tox/integration-juju3.1/lib/python3.10/site-packages/pluggy/_callers.py\", line 103, in _multicall\n    res = hook_impl.function(*args)\n  File \"/home/runner/work/operator-workflows/operator-workflows/tests/workflows/integration/test-upload-charm/.tox/integration-juju3.1/lib/python3.10/site-packages/_pytest/runner.py\", line 174, in pytest_runtest_call\n    item.runtest()\n  File \"/home/runner/work/operator-workflows/operator-workflows/tests/workflows/integration/test-upload-charm/.tox/integration-juju3.1/lib/python3.10/site-packages/_pytest/python.py\", line 1627, in runtest\n    self.ihook.pytest_pyfunc_call(pyfuncitem=self)\n  File \"/home/runner/work/operator-workflows/operator-workflows/tests/workflows/integration/test-upload-charm/.tox/integration-juju3.1/lib/python3.10/site-packages/pluggy/_hooks.py\", line 513, in __call__\n    return self._hookexec(self.name, self._hookimpls.copy(), kwargs, firstresult)\n  File \"/home/runner/work/operator-workflows/operator-workflows/tests/workflows/integration/test-upload-charm/.tox/integration-juju3.1/lib/python3.10/site-packages/pluggy/_manager.py\", line 120, in _hookexec\n    return self._inner_hookexec(hook_name, methods, kwargs, firstresult)\n  File \"/home/runner/work/operator-workflows/operator-workflows/tests/workflows/integration/test-upload-charm/.tox/integration-juju3.1/lib/python3.10/site-packages/pluggy/_callers.py\", line 182, in _multicall\n    return outcome.get_result()\n  File \"/home/runner/work/operator-workflows/operator-workflows/tests/workflows/integration/test-upload-charm/.tox/integration-juju3.1/lib/python3.10/site-packages/pluggy/_result.py\", line 100, in get_result\n    raise exc.with_traceback(exc.__traceback__)\n  File \"/home/runner/work/operator-workflows/operator-workflows/tests/workflows/integration/test-upload-charm/.tox/integration-juju3.1/lib/python3.10/site-packages/pluggy/_callers.py\", line 103, in _multicall\n    res = hook_impl.function(*args)\n  File \"/home/runner/work/operator-workflows/operator-workflows/tests/workflows/integration/test-upload-charm/.tox/integration-juju3.1/lib/python3.10/site-packages/_pytest/python.py\", line 159, in pytest_pyfunc_call\n    result = testfunction(**testargs)\n  File \"/home/runner/work/operator-workflows/operator-workflows/tests/workflows/integration/test-upload-charm/.tox/integration-juju3.1/lib/python3.10/site-packages/pytest_asyncio/plugin.py\", line 529, in inner\n    _loop.run_until_complete(task)\n  File \"/usr/lib/python3.10/asyncio/base_events.py\", line 649, in run_until_complete\n    return future.result()\n  File \"/home/runner/work/operator-workflows/operator-workflows/tests/workflows/integration/test-upload-charm/tests/integration/test_charm.py\", line 25, in test_build_and_deploy\n    await asyncio.gather(\n  File \"/home/runner/work/operator-workflows/operator-workflows/tests/workflows/integration/test-upload-charm/.tox/integration-juju3.1/lib/python3.10/site-packages/juju/model.py\", line 2633, in wait_for_idle\n    _raise_for_status(errors, \"error\")\n  File \"/home/runner/work/operator-workflows/operator-workflows/tests/workflows/integration/test-upload-charm/.tox/integration-juju3.1/lib/python3.10/site-packages/juju/model.py\", line 2572, in _raise_for_status\n    raise error_type(\"{}{} in {}: {}\".format(\njuju.errors.JujuUnitError: Unit in error: test/0","flaky":false,"newFailed":false,"newBroken":true,"newPassed":false,"retriesCount":7,"retriesStatusChange":true,"beforeStages":[{"name":"event_loop","time":{"start":1733905906920,"stop":1733905906921,"duration":1},"status":"passed","steps":[],"attachments":[],"parameters":[],"stepsCount":0,"shouldDisplayMessage":false,"attachmentsCount":0,"hasContent":false,"attachmentStep":false},{"name":"tmp_path_factory","time":{"start":1733905906921,"stop":1733905906921,"duration":0},"status":"passed","steps":[],"attachments":[],"parameters":[],"stepsCount":0,"shouldDisplayMessage":false,"attachmentsCount":0,"hasContent":false,"attachmentStep":false},{"name":"pytestconfig","time":{"start":1733905906921,"stop":1733905906921,"duration":0},"status":"passed","steps":[],"attachments":[],"parameters":[],"stepsCount":0,"shouldDisplayMessage":false,"attachmentsCount":0,"hasContent":false,"attachmentStep":false},{"name":"ops_test","time":{"start":1733905906921,"stop":1733905907150,"duration":229},"status":"passed","steps":[],"attachments":[],"parameters":[],"stepsCount":0,"shouldDisplayMessage":false,"attachmentsCount":0,"hasContent":false,"attachmentStep":false},{"name":"abort_on_fail","time":{"start":1733905907150,"stop":1733905907150,"duration":0},"status":"passed","steps":[],"attachments":[],"parameters":[],"stepsCount":0,"shouldDisplayMessage":false,"attachmentsCount":0,"hasContent":false,"attachmentStep":false}],"testStage":{"description":"Build the charm-under-test and deploy it together with related charms.\n\n    Assert on the unit status before any relations/configurations take place.\n    ","status":"broken","statusMessage":"juju.errors.JujuUnitError: Unit in error: test/0","statusTrace":"Traceback (most recent call last):\n  File \"/home/runner/work/operator-workflows/operator-workflows/tests/workflows/integration/test-upload-charm/.tox/integration-juju3.1/lib/python3.10/site-packages/_pytest/runner.py\", line 341, in from_call\n    result: TResult | None = func()\n  File \"/home/runner/work/operator-workflows/operator-workflows/tests/workflows/integration/test-upload-charm/.tox/integration-juju3.1/lib/python3.10/site-packages/_pytest/runner.py\", line 242, in <lambda>\n    lambda: runtest_hook(item=item, **kwds), when=when, reraise=reraise\n  File \"/home/runner/work/operator-workflows/operator-workflows/tests/workflows/integration/test-upload-charm/.tox/integration-juju3.1/lib/python3.10/site-packages/pluggy/_hooks.py\", line 513, in __call__\n    return self._hookexec(self.name, self._hookimpls.copy(), kwargs, firstresult)\n  File \"/home/runner/work/operator-workflows/operator-workflows/tests/workflows/integration/test-upload-charm/.tox/integration-juju3.1/lib/python3.10/site-packages/pluggy/_manager.py\", line 120, in _hookexec\n    return self._inner_hookexec(hook_name, methods, kwargs, firstresult)\n  File \"/home/runner/work/operator-workflows/operator-workflows/tests/workflows/integration/test-upload-charm/.tox/integration-juju3.1/lib/python3.10/site-packages/pluggy/_callers.py\", line 182, in _multicall\n    return outcome.get_result()\n  File \"/home/runner/work/operator-workflows/operator-workflows/tests/workflows/integration/test-upload-charm/.tox/integration-juju3.1/lib/python3.10/site-packages/pluggy/_result.py\", line 100, in get_result\n    raise exc.with_traceback(exc.__traceback__)\n  File \"/home/runner/work/operator-workflows/operator-workflows/tests/workflows/integration/test-upload-charm/.tox/integration-juju3.1/lib/python3.10/site-packages/pluggy/_callers.py\", line 167, in _multicall\n    teardown.throw(outcome._exception)\n  File \"/home/runner/work/operator-workflows/operator-workflows/tests/workflows/integration/test-upload-charm/.tox/integration-juju3.1/lib/python3.10/site-packages/_pytest/threadexception.py\", line 92, in pytest_runtest_call\n    yield from thread_exception_runtest_hook()\n  File \"/home/runner/work/operator-workflows/operator-workflows/tests/workflows/integration/test-upload-charm/.tox/integration-juju3.1/lib/python3.10/site-packages/_pytest/threadexception.py\", line 68, in thread_exception_runtest_hook\n    yield\n  File \"/home/runner/work/operator-workflows/operator-workflows/tests/workflows/integration/test-upload-charm/.tox/integration-juju3.1/lib/python3.10/site-packages/pluggy/_callers.py\", line 167, in _multicall\n    teardown.throw(outcome._exception)\n  File \"/home/runner/work/operator-workflows/operator-workflows/tests/workflows/integration/test-upload-charm/.tox/integration-juju3.1/lib/python3.10/site-packages/_pytest/unraisableexception.py\", line 95, in pytest_runtest_call\n    yield from unraisable_exception_runtest_hook()\n  File \"/home/runner/work/operator-workflows/operator-workflows/tests/workflows/integration/test-upload-charm/.tox/integration-juju3.1/lib/python3.10/site-packages/_pytest/unraisableexception.py\", line 70, in unraisable_exception_runtest_hook\n    yield\n  File \"/home/runner/work/operator-workflows/operator-workflows/tests/workflows/integration/test-upload-charm/.tox/integration-juju3.1/lib/python3.10/site-packages/pluggy/_callers.py\", line 167, in _multicall\n    teardown.throw(outcome._exception)\n  File \"/home/runner/work/operator-workflows/operator-workflows/tests/workflows/integration/test-upload-charm/.tox/integration-juju3.1/lib/python3.10/site-packages/_pytest/logging.py\", line 846, in pytest_runtest_call\n    yield from self._runtest_for(item, \"call\")\n  File \"/home/runner/work/operator-workflows/operator-workflows/tests/workflows/integration/test-upload-charm/.tox/integration-juju3.1/lib/python3.10/site-packages/_pytest/logging.py\", line 829, in _runtest_for\n    yield\n  File \"/home/runner/work/operator-workflows/operator-workflows/tests/workflows/integration/test-upload-charm/.tox/integration-juju3.1/lib/python3.10/site-packages/pluggy/_callers.py\", line 167, in _multicall\n    teardown.throw(outcome._exception)\n  File \"/home/runner/work/operator-workflows/operator-workflows/tests/workflows/integration/test-upload-charm/.tox/integration-juju3.1/lib/python3.10/site-packages/_pytest/capture.py\", line 880, in pytest_runtest_call\n    return (yield)\n  File \"/home/runner/work/operator-workflows/operator-workflows/tests/workflows/integration/test-upload-charm/.tox/integration-juju3.1/lib/python3.10/site-packages/pluggy/_callers.py\", line 167, in _multicall\n    teardown.throw(outcome._exception)\n  File \"/home/runner/work/operator-workflows/operator-workflows/tests/workflows/integration/test-upload-charm/.tox/integration-juju3.1/lib/python3.10/site-packages/_pytest/skipping.py\", line 257, in pytest_runtest_call\n    return (yield)\n  File \"/home/runner/work/operator-workflows/operator-workflows/tests/workflows/integration/test-upload-charm/.tox/integration-juju3.1/lib/python3.10/site-packages/pluggy/_callers.py\", line 103, in _multicall\n    res = hook_impl.function(*args)\n  File \"/home/runner/work/operator-workflows/operator-workflows/tests/workflows/integration/test-upload-charm/.tox/integration-juju3.1/lib/python3.10/site-packages/_pytest/runner.py\", line 174, in pytest_runtest_call\n    item.runtest()\n  File \"/home/runner/work/operator-workflows/operator-workflows/tests/workflows/integration/test-upload-charm/.tox/integration-juju3.1/lib/python3.10/site-packages/_pytest/python.py\", line 1627, in runtest\n    self.ihook.pytest_pyfunc_call(pyfuncitem=self)\n  File \"/home/runner/work/operator-workflows/operator-workflows/tests/workflows/integration/test-upload-charm/.tox/integration-juju3.1/lib/python3.10/site-packages/pluggy/_hooks.py\", line 513, in __call__\n    return self._hookexec(self.name, self._hookimpls.copy(), kwargs, firstresult)\n  File \"/home/runner/work/operator-workflows/operator-workflows/tests/workflows/integration/test-upload-charm/.tox/integration-juju3.1/lib/python3.10/site-packages/pluggy/_manager.py\", line 120, in _hookexec\n    return self._inner_hookexec(hook_name, methods, kwargs, firstresult)\n  File \"/home/runner/work/operator-workflows/operator-workflows/tests/workflows/integration/test-upload-charm/.tox/integration-juju3.1/lib/python3.10/site-packages/pluggy/_callers.py\", line 182, in _multicall\n    return outcome.get_result()\n  File \"/home/runner/work/operator-workflows/operator-workflows/tests/workflows/integration/test-upload-charm/.tox/integration-juju3.1/lib/python3.10/site-packages/pluggy/_result.py\", line 100, in get_result\n    raise exc.with_traceback(exc.__traceback__)\n  File \"/home/runner/work/operator-workflows/operator-workflows/tests/workflows/integration/test-upload-charm/.tox/integration-juju3.1/lib/python3.10/site-packages/pluggy/_callers.py\", line 103, in _multicall\n    res = hook_impl.function(*args)\n  File \"/home/runner/work/operator-workflows/operator-workflows/tests/workflows/integration/test-upload-charm/.tox/integration-juju3.1/lib/python3.10/site-packages/_pytest/python.py\", line 159, in pytest_pyfunc_call\n    result = testfunction(**testargs)\n  File \"/home/runner/work/operator-workflows/operator-workflows/tests/workflows/integration/test-upload-charm/.tox/integration-juju3.1/lib/python3.10/site-packages/pytest_asyncio/plugin.py\", line 529, in inner\n    _loop.run_until_complete(task)\n  File \"/usr/lib/python3.10/asyncio/base_events.py\", line 649, in run_until_complete\n    return future.result()\n  File \"/home/runner/work/operator-workflows/operator-workflows/tests/workflows/integration/test-upload-charm/tests/integration/test_charm.py\", line 25, in test_build_and_deploy\n    await asyncio.gather(\n  File \"/home/runner/work/operator-workflows/operator-workflows/tests/workflows/integration/test-upload-charm/.tox/integration-juju3.1/lib/python3.10/site-packages/juju/model.py\", line 2633, in wait_for_idle\n    _raise_for_status(errors, \"error\")\n  File \"/home/runner/work/operator-workflows/operator-workflows/tests/workflows/integration/test-upload-charm/.tox/integration-juju3.1/lib/python3.10/site-packages/juju/model.py\", line 2572, in _raise_for_status\n    raise error_type(\"{}{} in {}: {}\".format(\njuju.errors.JujuUnitError: Unit in error: test/0","steps":[],"attachments":[{"uid":"2d087c5edc2f9269","name":"log","source":"2d087c5edc2f9269.txt","type":"text/plain","size":3657}],"parameters":[],"stepsCount":0,"shouldDisplayMessage":true,"attachmentsCount":1,"hasContent":true,"attachmentStep":false},"afterStages":[{"name":"abort_on_fail::0","time":{"start":1733905915190,"stop":1733905915190,"duration":0},"status":"passed","steps":[],"attachments":[],"parameters":[],"stepsCount":0,"shouldDisplayMessage":false,"attachmentsCount":0,"hasContent":false,"attachmentStep":false},{"name":"ops_test::finalizer","time":{"start":1733905915191,"stop":1733905917576,"duration":2385},"status":"passed","steps":[],"attachments":[],"parameters":[],"stepsCount":0,"shouldDisplayMessage":false,"attachmentsCount":0,"hasContent":false,"attachmentStep":false},{"name":"event_loop::2","time":{"start":1733905917577,"stop":1733905917577,"duration":0},"status":"passed","steps":[],"attachments":[],"parameters":[],"stepsCount":0,"shouldDisplayMessage":false,"attachmentsCount":0,"hasContent":false,"attachmentStep":false},{"name":"event_loop::_close_event_loop","time":{"start":1733905917577,"stop":1733905917577,"duration":0},"status":"passed","steps":[],"attachments":[],"parameters":[],"stepsCount":0,"shouldDisplayMessage":false,"attachmentsCount":0,"hasContent":false,"attachmentStep":false},{"name":"event_loop::_provide_clean_event_loop","time":{"start":1733905917577,"stop":1733905917577,"duration":0},"status":"passed","steps":[],"attachments":[],"parameters":[],"stepsCount":0,"shouldDisplayMessage":false,"attachmentsCount":0,"hasContent":false,"attachmentStep":false}],"labels":[{"name":"tag","value":"asyncio"},{"name":"parentSuite","value":"tests.integration"},{"name":"suite","value":"test_charm"},{"name":"host","value":"fv-az1490-999"},{"name":"thread","value":"21096-MainThread"},{"name":"framework","value":"pytest"},{"name":"language","value":"cpython3"},{"name":"package","value":"tests.integration.test_charm"},{"name":"resultFormat","value":"allure2"}],"parameters":[],"links":[],"hidden":false,"retry":false,"extra":{"severity":"normal","retries":[{"uid":"528067d3a6529ec7","status":"passed","time":{"start":1733905889993,"stop":1733905923379,"duration":33386}},{"uid":"e47c5ada956a08fa","status":"passed","time":{"start":1733905785098,"stop":1733905820140,"duration":35042}},{"uid":"baace2bd78a28683","status":"passed","time":{"start":1733905777713,"stop":1733905804756,"duration":27043}},{"uid":"c60d7287e76f56e5","status":"unknown","time":{}},{"uid":"70f281d285e0c8c9","status":"unknown","time":{}},{"uid":"6a85a78cd1708c84","status":"unknown","time":{}},{"uid":"6746dcd0fc30c1fd","status":"unknown","time":{}}],"categories":[{"name":"Test defects","matchedStatuses":[],"flaky":false}],"history":{"statistic":{"failed":0,"broken":1,"skipped":0,"passed":15,"unknown":0,"total":16},"items":[{"uid":"b0d8fa0273c0f2bd","reportUrl":"../1941//#testresult/b0d8fa0273c0f2bd","status":"passed","time":{"start":1733904540779,"stop":1733904568833,"duration":28054}},{"uid":"8d8c6baa8a5973d8","reportUrl":"../1937//#testresult/8d8c6baa8a5973d8","status":"passed","time":{"start":1733903394621,"stop":1733903422172,"duration":27551}},{"uid":"7dc36ee06d663688","reportUrl":"../1935//#testresult/7dc36ee06d663688","status":"passed","time":{"start":1733893627320,"stop":1733893668869,"duration":41549}},{"uid":"fcc49b0c44c2ec8e","reportUrl":"../1934//#testresult/fcc49b0c44c2ec8e","status":"passed","time":{"start":1733893085335,"stop":1733893119354,"duration":34019}},{"uid":"ddf67b44c1ce8a5c","reportUrl":"../1931//#testresult/ddf67b44c1ce8a5c","status":"passed","time":{"start":1733828596133,"stop":1733828623681,"duration":27548}},{"uid":"255d57907ed919f2","reportUrl":"../1930//#testresult/255d57907ed919f2","status":"passed","time":{"start":1733821181594,"stop":1733821214527,"duration":32933}},{"uid":"4d1f72b0e596eac5","reportUrl":"../1929//#testresult/4d1f72b0e596eac5","status":"passed","time":{"start":1733821046318,"stop":1733821073876,"duration":27558}},{"uid":"a64b938ed55f5f24","reportUrl":"../1928//#testresult/a64b938ed55f5f24","status":"passed","time":{"start":1733820349269,"stop":1733820381130,"duration":31861}},{"uid":"c0ed369597f7fa1d","reportUrl":"../1927//#testresult/c0ed369597f7fa1d","status":"passed","time":{"start":1733819925632,"stop":1733819957480,"duration":31848}},{"uid":"5808ebdde08c06eb","reportUrl":"../1926//#testresult/5808ebdde08c06eb","status":"passed","time":{"start":1733819833217,"stop":1733819860765,"duration":27548}},{"uid":"1d25ed354a346df7","reportUrl":"../1925//#testresult/1d25ed354a346df7","status":"passed","time":{"start":1733815494547,"stop":1733815537137,"duration":42590}},{"uid":"376519cd02705b1a","reportUrl":"../1922//#testresult/376519cd02705b1a","status":"passed","time":{"start":1733761142017,"stop":1733761182782,"duration":40765}},{"uid":"fe58720c8f2143de","reportUrl":"../1920//#testresult/fe58720c8f2143de","status":"passed","time":{"start":1733741067330,"stop":1733741094875,"duration":27545}},{"uid":"cf853e970e3995a8","reportUrl":"../1919//#testresult/cf853e970e3995a8","status":"passed","time":{"start":1733733814799,"stop":1733733880024,"duration":65225}},{"uid":"5e15e05800568507","reportUrl":"../1902//#testresult/5e15e05800568507","status":"passed","time":{"start":1733392259518,"stop":1733392331456,"duration":71938}}]},"tags":["asyncio"]},"source":"77494bc015d43242.json","parameterValues":[]}