{"uid":"7beffa0e40f3b792","name":"test_build_and_deploy","fullName":"tests.integration.test_charm#test_build_and_deploy","historyId":"6e6e907ed99cb080c4e76760513358b7","time":{"start":1749485316599,"stop":1749485353489,"duration":36890},"description":"Build the charm-under-test and deploy it together with related charms.\n\n    Assert on the unit status before any relations/configurations take place.\n    ","descriptionHtml":"<p>Build the charm-under-test and deploy it together with related charms.</p>\n<pre><code>Assert on the unit status before any relations/configurations take place.\n</code></pre>\n","status":"failed","statusMessage":"AssertionError: assert False","statusTrace":"Traceback (most recent call last):\n  File \"/home/ubuntu/actions-runner/_work/operator-workflows/operator-workflows/tests/workflows/integration/test-upload-charm/.tox/integration/lib/python3.10/site-packages/_pytest/runner.py\", line 344, in from_call\n    result: TResult | None = func()\n  File \"/home/ubuntu/actions-runner/_work/operator-workflows/operator-workflows/tests/workflows/integration/test-upload-charm/.tox/integration/lib/python3.10/site-packages/_pytest/runner.py\", line 246, in <lambda>\n    lambda: runtest_hook(item=item, **kwds), when=when, reraise=reraise\n  File \"/home/ubuntu/actions-runner/_work/operator-workflows/operator-workflows/tests/workflows/integration/test-upload-charm/.tox/integration/lib/python3.10/site-packages/pluggy/_hooks.py\", line 512, in __call__\n    return self._hookexec(self.name, self._hookimpls.copy(), kwargs, firstresult)\n  File \"/home/ubuntu/actions-runner/_work/operator-workflows/operator-workflows/tests/workflows/integration/test-upload-charm/.tox/integration/lib/python3.10/site-packages/pluggy/_manager.py\", line 120, in _hookexec\n    return self._inner_hookexec(hook_name, methods, kwargs, firstresult)\n  File \"/home/ubuntu/actions-runner/_work/operator-workflows/operator-workflows/tests/workflows/integration/test-upload-charm/.tox/integration/lib/python3.10/site-packages/pluggy/_callers.py\", line 167, in _multicall\n    raise exception\n  File \"/home/ubuntu/actions-runner/_work/operator-workflows/operator-workflows/tests/workflows/integration/test-upload-charm/.tox/integration/lib/python3.10/site-packages/pluggy/_callers.py\", line 139, in _multicall\n    teardown.throw(exception)\n  File \"/home/ubuntu/actions-runner/_work/operator-workflows/operator-workflows/tests/workflows/integration/test-upload-charm/.tox/integration/lib/python3.10/site-packages/_pytest/logging.py\", line 850, in pytest_runtest_call\n    yield\n  File \"/home/ubuntu/actions-runner/_work/operator-workflows/operator-workflows/tests/workflows/integration/test-upload-charm/.tox/integration/lib/python3.10/site-packages/pluggy/_callers.py\", line 139, in _multicall\n    teardown.throw(exception)\n  File \"/home/ubuntu/actions-runner/_work/operator-workflows/operator-workflows/tests/workflows/integration/test-upload-charm/.tox/integration/lib/python3.10/site-packages/pluggy/_callers.py\", line 53, in run_old_style_hookwrapper\n    return result.get_result()\n  File \"/home/ubuntu/actions-runner/_work/operator-workflows/operator-workflows/tests/workflows/integration/test-upload-charm/.tox/integration/lib/python3.10/site-packages/pluggy/_result.py\", line 103, in get_result\n    raise exc.with_traceback(tb)\n  File \"/home/ubuntu/actions-runner/_work/operator-workflows/operator-workflows/tests/workflows/integration/test-upload-charm/.tox/integration/lib/python3.10/site-packages/pluggy/_callers.py\", line 38, in run_old_style_hookwrapper\n    res = yield\n  File \"/home/ubuntu/actions-runner/_work/operator-workflows/operator-workflows/tests/workflows/integration/test-upload-charm/.tox/integration/lib/python3.10/site-packages/pluggy/_callers.py\", line 139, in _multicall\n    teardown.throw(exception)\n  File \"/home/ubuntu/actions-runner/_work/operator-workflows/operator-workflows/tests/workflows/integration/test-upload-charm/.tox/integration/lib/python3.10/site-packages/_pytest/capture.py\", line 900, in pytest_runtest_call\n    return (yield)\n  File \"/home/ubuntu/actions-runner/_work/operator-workflows/operator-workflows/tests/workflows/integration/test-upload-charm/.tox/integration/lib/python3.10/site-packages/pluggy/_callers.py\", line 139, in _multicall\n    teardown.throw(exception)\n  File \"/home/ubuntu/actions-runner/_work/operator-workflows/operator-workflows/tests/workflows/integration/test-upload-charm/.tox/integration/lib/python3.10/site-packages/_pytest/skipping.py\", line 263, in pytest_runtest_call\n    return (yield)\n  File \"/home/ubuntu/actions-runner/_work/operator-workflows/operator-workflows/tests/workflows/integration/test-upload-charm/.tox/integration/lib/python3.10/site-packages/pluggy/_callers.py\", line 121, in _multicall\n    res = hook_impl.function(*args)\n  File \"/home/ubuntu/actions-runner/_work/operator-workflows/operator-workflows/tests/workflows/integration/test-upload-charm/.tox/integration/lib/python3.10/site-packages/_pytest/runner.py\", line 178, in pytest_runtest_call\n    item.runtest()\n  File \"/home/ubuntu/actions-runner/_work/operator-workflows/operator-workflows/tests/workflows/integration/test-upload-charm/.tox/integration/lib/python3.10/site-packages/_pytest/python.py\", line 1670, in runtest\n    self.ihook.pytest_pyfunc_call(pyfuncitem=self)\n  File \"/home/ubuntu/actions-runner/_work/operator-workflows/operator-workflows/tests/workflows/integration/test-upload-charm/.tox/integration/lib/python3.10/site-packages/pluggy/_hooks.py\", line 512, in __call__\n    return self._hookexec(self.name, self._hookimpls.copy(), kwargs, firstresult)\n  File \"/home/ubuntu/actions-runner/_work/operator-workflows/operator-workflows/tests/workflows/integration/test-upload-charm/.tox/integration/lib/python3.10/site-packages/pluggy/_manager.py\", line 120, in _hookexec\n    return self._inner_hookexec(hook_name, methods, kwargs, firstresult)\n  File \"/home/ubuntu/actions-runner/_work/operator-workflows/operator-workflows/tests/workflows/integration/test-upload-charm/.tox/integration/lib/python3.10/site-packages/pluggy/_callers.py\", line 167, in _multicall\n    raise exception\n  File \"/home/ubuntu/actions-runner/_work/operator-workflows/operator-workflows/tests/workflows/integration/test-upload-charm/.tox/integration/lib/python3.10/site-packages/pluggy/_callers.py\", line 139, in _multicall\n    teardown.throw(exception)\n  File \"/home/ubuntu/actions-runner/_work/operator-workflows/operator-workflows/tests/workflows/integration/test-upload-charm/.tox/integration/lib/python3.10/site-packages/pluggy/_callers.py\", line 53, in run_old_style_hookwrapper\n    return result.get_result()\n  File \"/home/ubuntu/actions-runner/_work/operator-workflows/operator-workflows/tests/workflows/integration/test-upload-charm/.tox/integration/lib/python3.10/site-packages/pluggy/_result.py\", line 103, in get_result\n    raise exc.with_traceback(tb)\n  File \"/home/ubuntu/actions-runner/_work/operator-workflows/operator-workflows/tests/workflows/integration/test-upload-charm/.tox/integration/lib/python3.10/site-packages/pluggy/_callers.py\", line 38, in run_old_style_hookwrapper\n    res = yield\n  File \"/home/ubuntu/actions-runner/_work/operator-workflows/operator-workflows/tests/workflows/integration/test-upload-charm/.tox/integration/lib/python3.10/site-packages/pluggy/_callers.py\", line 121, in _multicall\n    res = hook_impl.function(*args)\n  File \"/home/ubuntu/actions-runner/_work/operator-workflows/operator-workflows/tests/workflows/integration/test-upload-charm/.tox/integration/lib/python3.10/site-packages/_pytest/python.py\", line 156, in pytest_pyfunc_call\n    result = testfunction(**testargs)\n  File \"/home/ubuntu/actions-runner/_work/operator-workflows/operator-workflows/tests/workflows/integration/test-upload-charm/.tox/integration/lib/python3.10/site-packages/pytest_asyncio/plugin.py\", line 529, in inner\n    _loop.run_until_complete(task)\n  File \"/usr/lib/python3.10/asyncio/base_events.py\", line 649, in run_until_complete\n    return future.result()\n  File \"/home/ubuntu/actions-runner/_work/operator-workflows/operator-workflows/tests/workflows/integration/test-upload-charm/tests/integration/test_charm.py\", line 33, in test_build_and_deploy\n    assert False\nAssertionError: assert False","flaky":true,"newFailed":true,"newBroken":false,"newPassed":false,"retriesCount":11,"retriesStatusChange":true,"beforeStages":[{"name":"event_loop","time":{"start":1749485316448,"stop":1749485316449,"duration":1},"status":"passed","steps":[],"attachments":[],"parameters":[],"shouldDisplayMessage":false,"stepsCount":0,"attachmentsCount":0,"hasContent":false,"attachmentStep":false},{"name":"tmp_path_factory","time":{"start":1749485316449,"stop":1749485316449,"duration":0},"status":"passed","steps":[],"attachments":[],"parameters":[],"shouldDisplayMessage":false,"stepsCount":0,"attachmentsCount":0,"hasContent":false,"attachmentStep":false},{"name":"ops_test","time":{"start":1749485316449,"stop":1749485316599,"duration":150},"status":"passed","steps":[],"attachments":[],"parameters":[],"shouldDisplayMessage":false,"stepsCount":0,"attachmentsCount":0,"hasContent":false,"attachmentStep":false},{"name":"pytestconfig","time":{"start":1749485316449,"stop":1749485316449,"duration":0},"status":"passed","steps":[],"attachments":[],"parameters":[],"shouldDisplayMessage":false,"stepsCount":0,"attachmentsCount":0,"hasContent":false,"attachmentStep":false},{"name":"abort_on_fail","time":{"start":1749485316599,"stop":1749485316599,"duration":0},"status":"passed","steps":[],"attachments":[],"parameters":[],"shouldDisplayMessage":false,"stepsCount":0,"attachmentsCount":0,"hasContent":false,"attachmentStep":false}],"testStage":{"description":"Build the charm-under-test and deploy it together with related charms.\n\n    Assert on the unit status before any relations/configurations take place.\n    ","status":"failed","statusMessage":"AssertionError: assert False","statusTrace":"Traceback (most recent call last):\n  File \"/home/ubuntu/actions-runner/_work/operator-workflows/operator-workflows/tests/workflows/integration/test-upload-charm/.tox/integration/lib/python3.10/site-packages/_pytest/runner.py\", line 344, in from_call\n    result: TResult | None = func()\n  File \"/home/ubuntu/actions-runner/_work/operator-workflows/operator-workflows/tests/workflows/integration/test-upload-charm/.tox/integration/lib/python3.10/site-packages/_pytest/runner.py\", line 246, in <lambda>\n    lambda: runtest_hook(item=item, **kwds), when=when, reraise=reraise\n  File \"/home/ubuntu/actions-runner/_work/operator-workflows/operator-workflows/tests/workflows/integration/test-upload-charm/.tox/integration/lib/python3.10/site-packages/pluggy/_hooks.py\", line 512, in __call__\n    return self._hookexec(self.name, self._hookimpls.copy(), kwargs, firstresult)\n  File \"/home/ubuntu/actions-runner/_work/operator-workflows/operator-workflows/tests/workflows/integration/test-upload-charm/.tox/integration/lib/python3.10/site-packages/pluggy/_manager.py\", line 120, in _hookexec\n    return self._inner_hookexec(hook_name, methods, kwargs, firstresult)\n  File \"/home/ubuntu/actions-runner/_work/operator-workflows/operator-workflows/tests/workflows/integration/test-upload-charm/.tox/integration/lib/python3.10/site-packages/pluggy/_callers.py\", line 167, in _multicall\n    raise exception\n  File \"/home/ubuntu/actions-runner/_work/operator-workflows/operator-workflows/tests/workflows/integration/test-upload-charm/.tox/integration/lib/python3.10/site-packages/pluggy/_callers.py\", line 139, in _multicall\n    teardown.throw(exception)\n  File \"/home/ubuntu/actions-runner/_work/operator-workflows/operator-workflows/tests/workflows/integration/test-upload-charm/.tox/integration/lib/python3.10/site-packages/_pytest/logging.py\", line 850, in pytest_runtest_call\n    yield\n  File \"/home/ubuntu/actions-runner/_work/operator-workflows/operator-workflows/tests/workflows/integration/test-upload-charm/.tox/integration/lib/python3.10/site-packages/pluggy/_callers.py\", line 139, in _multicall\n    teardown.throw(exception)\n  File \"/home/ubuntu/actions-runner/_work/operator-workflows/operator-workflows/tests/workflows/integration/test-upload-charm/.tox/integration/lib/python3.10/site-packages/pluggy/_callers.py\", line 53, in run_old_style_hookwrapper\n    return result.get_result()\n  File \"/home/ubuntu/actions-runner/_work/operator-workflows/operator-workflows/tests/workflows/integration/test-upload-charm/.tox/integration/lib/python3.10/site-packages/pluggy/_result.py\", line 103, in get_result\n    raise exc.with_traceback(tb)\n  File \"/home/ubuntu/actions-runner/_work/operator-workflows/operator-workflows/tests/workflows/integration/test-upload-charm/.tox/integration/lib/python3.10/site-packages/pluggy/_callers.py\", line 38, in run_old_style_hookwrapper\n    res = yield\n  File \"/home/ubuntu/actions-runner/_work/operator-workflows/operator-workflows/tests/workflows/integration/test-upload-charm/.tox/integration/lib/python3.10/site-packages/pluggy/_callers.py\", line 139, in _multicall\n    teardown.throw(exception)\n  File \"/home/ubuntu/actions-runner/_work/operator-workflows/operator-workflows/tests/workflows/integration/test-upload-charm/.tox/integration/lib/python3.10/site-packages/_pytest/capture.py\", line 900, in pytest_runtest_call\n    return (yield)\n  File \"/home/ubuntu/actions-runner/_work/operator-workflows/operator-workflows/tests/workflows/integration/test-upload-charm/.tox/integration/lib/python3.10/site-packages/pluggy/_callers.py\", line 139, in _multicall\n    teardown.throw(exception)\n  File \"/home/ubuntu/actions-runner/_work/operator-workflows/operator-workflows/tests/workflows/integration/test-upload-charm/.tox/integration/lib/python3.10/site-packages/_pytest/skipping.py\", line 263, in pytest_runtest_call\n    return (yield)\n  File \"/home/ubuntu/actions-runner/_work/operator-workflows/operator-workflows/tests/workflows/integration/test-upload-charm/.tox/integration/lib/python3.10/site-packages/pluggy/_callers.py\", line 121, in _multicall\n    res = hook_impl.function(*args)\n  File \"/home/ubuntu/actions-runner/_work/operator-workflows/operator-workflows/tests/workflows/integration/test-upload-charm/.tox/integration/lib/python3.10/site-packages/_pytest/runner.py\", line 178, in pytest_runtest_call\n    item.runtest()\n  File \"/home/ubuntu/actions-runner/_work/operator-workflows/operator-workflows/tests/workflows/integration/test-upload-charm/.tox/integration/lib/python3.10/site-packages/_pytest/python.py\", line 1670, in runtest\n    self.ihook.pytest_pyfunc_call(pyfuncitem=self)\n  File \"/home/ubuntu/actions-runner/_work/operator-workflows/operator-workflows/tests/workflows/integration/test-upload-charm/.tox/integration/lib/python3.10/site-packages/pluggy/_hooks.py\", line 512, in __call__\n    return self._hookexec(self.name, self._hookimpls.copy(), kwargs, firstresult)\n  File \"/home/ubuntu/actions-runner/_work/operator-workflows/operator-workflows/tests/workflows/integration/test-upload-charm/.tox/integration/lib/python3.10/site-packages/pluggy/_manager.py\", line 120, in _hookexec\n    return self._inner_hookexec(hook_name, methods, kwargs, firstresult)\n  File \"/home/ubuntu/actions-runner/_work/operator-workflows/operator-workflows/tests/workflows/integration/test-upload-charm/.tox/integration/lib/python3.10/site-packages/pluggy/_callers.py\", line 167, in _multicall\n    raise exception\n  File \"/home/ubuntu/actions-runner/_work/operator-workflows/operator-workflows/tests/workflows/integration/test-upload-charm/.tox/integration/lib/python3.10/site-packages/pluggy/_callers.py\", line 139, in _multicall\n    teardown.throw(exception)\n  File \"/home/ubuntu/actions-runner/_work/operator-workflows/operator-workflows/tests/workflows/integration/test-upload-charm/.tox/integration/lib/python3.10/site-packages/pluggy/_callers.py\", line 53, in run_old_style_hookwrapper\n    return result.get_result()\n  File \"/home/ubuntu/actions-runner/_work/operator-workflows/operator-workflows/tests/workflows/integration/test-upload-charm/.tox/integration/lib/python3.10/site-packages/pluggy/_result.py\", line 103, in get_result\n    raise exc.with_traceback(tb)\n  File \"/home/ubuntu/actions-runner/_work/operator-workflows/operator-workflows/tests/workflows/integration/test-upload-charm/.tox/integration/lib/python3.10/site-packages/pluggy/_callers.py\", line 38, in run_old_style_hookwrapper\n    res = yield\n  File \"/home/ubuntu/actions-runner/_work/operator-workflows/operator-workflows/tests/workflows/integration/test-upload-charm/.tox/integration/lib/python3.10/site-packages/pluggy/_callers.py\", line 121, in _multicall\n    res = hook_impl.function(*args)\n  File \"/home/ubuntu/actions-runner/_work/operator-workflows/operator-workflows/tests/workflows/integration/test-upload-charm/.tox/integration/lib/python3.10/site-packages/_pytest/python.py\", line 156, in pytest_pyfunc_call\n    result = testfunction(**testargs)\n  File \"/home/ubuntu/actions-runner/_work/operator-workflows/operator-workflows/tests/workflows/integration/test-upload-charm/.tox/integration/lib/python3.10/site-packages/pytest_asyncio/plugin.py\", line 529, in inner\n    _loop.run_until_complete(task)\n  File \"/usr/lib/python3.10/asyncio/base_events.py\", line 649, in run_until_complete\n    return future.result()\n  File \"/home/ubuntu/actions-runner/_work/operator-workflows/operator-workflows/tests/workflows/integration/test-upload-charm/tests/integration/test_charm.py\", line 33, in test_build_and_deploy\n    assert False\nAssertionError: assert False","steps":[],"attachments":[{"uid":"1a50f3832f23af5a","name":"log","source":"1a50f3832f23af5a.txt","type":"text/plain","size":1054}],"parameters":[],"shouldDisplayMessage":true,"stepsCount":0,"attachmentsCount":1,"hasContent":true,"attachmentStep":false},"afterStages":[{"name":"abort_on_fail::0","time":{"start":1749485353492,"stop":1749485353492,"duration":0},"status":"passed","steps":[],"attachments":[],"parameters":[],"shouldDisplayMessage":false,"stepsCount":0,"attachmentsCount":0,"hasContent":false,"attachmentStep":false},{"name":"ops_test::finalizer","time":{"start":1749485353493,"stop":1749485355811,"duration":2318},"status":"passed","steps":[],"attachments":[],"parameters":[],"shouldDisplayMessage":false,"stepsCount":0,"attachmentsCount":0,"hasContent":false,"attachmentStep":false},{"name":"event_loop::2","time":{"start":1749485355811,"stop":1749485355811,"duration":0},"status":"passed","steps":[],"attachments":[],"parameters":[],"shouldDisplayMessage":false,"stepsCount":0,"attachmentsCount":0,"hasContent":false,"attachmentStep":false},{"name":"event_loop::_close_event_loop","time":{"start":1749485355811,"stop":1749485355811,"duration":0},"status":"passed","steps":[],"attachments":[],"parameters":[],"shouldDisplayMessage":false,"stepsCount":0,"attachmentsCount":0,"hasContent":false,"attachmentStep":false},{"name":"event_loop::_provide_clean_event_loop","time":{"start":1749485355811,"stop":1749485355811,"duration":0},"status":"passed","steps":[],"attachments":[],"parameters":[],"shouldDisplayMessage":false,"stepsCount":0,"attachmentsCount":0,"hasContent":false,"attachmentStep":false}],"labels":[{"name":"tag","value":"asyncio"},{"name":"parentSuite","value":"tests.integration"},{"name":"suite","value":"test_charm"},{"name":"host","value":"github-runner"},{"name":"thread","value":"20760-MainThread"},{"name":"framework","value":"pytest"},{"name":"language","value":"cpython3"},{"name":"package","value":"tests.integration.test_charm"},{"name":"resultFormat","value":"allure2"}],"parameters":[],"links":[],"hidden":false,"retry":false,"extra":{"severity":"normal","retries":[{"uid":"2024c33654311139","status":"failed","statusDetails":"AssertionError: assert False","time":{"start":1749485314993,"stop":1749485347880,"duration":32887}},{"uid":"422043db460126b","status":"failed","statusDetails":"AssertionError: assert False","time":{"start":1749485292654,"stop":1749485326513,"duration":33859}},{"uid":"f80083ebada6b42e","status":"failed","statusDetails":"AssertionError: assert False","time":{"start":1749485288548,"stop":1749485315594,"duration":27046}},{"uid":"b275f287bf4a761d","status":"failed","statusDetails":"AssertionError: assert False","time":{"start":1749485275391,"stop":1749485303941,"duration":28550}},{"uid":"a9fb4f74d5cd076","status":"failed","statusDetails":"AssertionError: assert False","time":{"start":1749485101713,"stop":1749485134632,"duration":32919}},{"uid":"20a0dfcdf2587fa0","status":"unknown","time":{}},{"uid":"63657586c2b1523b","status":"unknown","time":{}},{"uid":"9eceadefaff2e49e","status":"unknown","time":{}},{"uid":"4ac15cf038be148b","status":"unknown","time":{}},{"uid":"9c10405710d677e4","status":"unknown","time":{}},{"uid":"7b3a15db8aaa7cfd","status":"unknown","time":{}}],"categories":[{"name":"Product defects","matchedStatuses":[]}],"history":{"statistic":{"failed":2,"broken":1,"skipped":0,"passed":576,"unknown":0,"total":579},"items":[{"uid":"e095d5975142399a","reportUrl":"../2622//#testresult/e095d5975142399a","status":"passed","time":{"start":1749461511412,"stop":1749461539459,"duration":28047}},{"uid":"ea441a03c2459a14","reportUrl":"../2645//#testresult/ea441a03c2459a14","status":"failed","statusDetails":"AssertionError: assert False","time":{"start":1749480137101,"stop":1749480175491,"duration":38390}},{"uid":"bb4211f4cd38bd30","reportUrl":"../2644//#testresult/bb4211f4cd38bd30","status":"passed","time":{"start":1749479418333,"stop":1749479446377,"duration":28044}},{"uid":"ca230be86b51954","reportUrl":"../2643//#testresult/ca230be86b51954","status":"passed","time":{"start":1749479323245,"stop":1749479359118,"duration":35873}},{"uid":"452aa168b88a9f1e","reportUrl":"../2642//#testresult/452aa168b88a9f1e","status":"passed","time":{"start":1749479292537,"stop":1749479325471,"duration":32934}},{"uid":"ecd9e66f3d86aee5","reportUrl":"../2641//#testresult/ecd9e66f3d86aee5","status":"passed","time":{"start":1749476573526,"stop":1749476611433,"duration":37907}},{"uid":"13e8739b6e8614cb","reportUrl":"../2640//#testresult/13e8739b6e8614cb","status":"passed","time":{"start":1749475753088,"stop":1749475791466,"duration":38378}},{"uid":"cf6f9b4b4fee402c","reportUrl":"../2639//#testresult/cf6f9b4b4fee402c","status":"passed","time":{"start":1749475608795,"stop":1749475636846,"duration":28051}},{"uid":"410c224395a42420","reportUrl":"../2638//#testresult/410c224395a42420","status":"passed","time":{"start":1749475570623,"stop":1749475608030,"duration":37407}},{"uid":"2138bd930cb21d04","reportUrl":"../2637//#testresult/2138bd930cb21d04","status":"passed","time":{"start":1749469078041,"stop":1749469117501,"duration":39460}},{"uid":"4a6f5df68b4c4b24","reportUrl":"../2636//#testresult/4a6f5df68b4c4b24","status":"passed","time":{"start":1749467723414,"stop":1749467766038,"duration":42624}},{"uid":"88d8d85b1db3f1f0","reportUrl":"../2635//#testresult/88d8d85b1db3f1f0","status":"passed","time":{"start":1749466912962,"stop":1749466940512,"duration":27550}},{"uid":"67984e5ec2b192ac","reportUrl":"../2634//#testresult/67984e5ec2b192ac","status":"passed","time":{"start":1749465613736,"stop":1749465641282,"duration":27546}},{"uid":"33f9046f4adc1ca4","reportUrl":"../2632//#testresult/33f9046f4adc1ca4","status":"passed","time":{"start":1749464601128,"stop":1749464638942,"duration":37814}},{"uid":"997b35b89d1f2701","reportUrl":"../2633//#testresult/997b35b89d1f2701","status":"passed","time":{"start":1749464239317,"stop":1749464269370,"duration":30053}},{"uid":"9cd37b0954cff1d7","reportUrl":"../2630//#testresult/9cd37b0954cff1d7","status":"passed","time":{"start":1749463783877,"stop":1749463820188,"duration":36311}},{"uid":"e05618003d92a31c","reportUrl":"../2629//#testresult/e05618003d92a31c","status":"passed","time":{"start":1749463510702,"stop":1749463548548,"duration":37846}},{"uid":"82292a4a6349e783","reportUrl":"../2631//#testresult/82292a4a6349e783","status":"passed","time":{"start":1749463464806,"stop":1749463500129,"duration":35323}},{"uid":"208588af76f92b28","reportUrl":"../2628//#testresult/208588af76f92b28","status":"passed","time":{"start":1749462723966,"stop":1749462756363,"duration":32397}},{"uid":"fa2aacf26490d430","reportUrl":"../2625//#testresult/fa2aacf26490d430","status":"passed","time":{"start":1749462678340,"stop":1749462716780,"duration":38440}}]},"tags":["asyncio"]},"source":"7beffa0e40f3b792.json","parameterValues":[]}