{"uid":"b275f287bf4a761d","name":"test_build_and_deploy","fullName":"tests.integration.test_charm#test_build_and_deploy","historyId":"6e6e907ed99cb080c4e76760513358b7","time":{"start":1749485275391,"stop":1749485303941,"duration":28550},"description":"Build the charm-under-test and deploy it together with related charms.\n\n    Assert on the unit status before any relations/configurations take place.\n    ","descriptionHtml":"<p>Build the charm-under-test and deploy it together with related charms.</p>\n<pre><code>Assert on the unit status before any relations/configurations take place.\n</code></pre>\n","status":"failed","statusMessage":"AssertionError: assert False","statusTrace":"Traceback (most recent call last):\n  File \"/home/runner/work/operator-workflows/operator-workflows/tests/workflows/integration/test-upload-charm/.tox/integration-juju3.1/lib/python3.10/site-packages/_pytest/runner.py\", line 344, in from_call\n    result: TResult | None = func()\n  File \"/home/runner/work/operator-workflows/operator-workflows/tests/workflows/integration/test-upload-charm/.tox/integration-juju3.1/lib/python3.10/site-packages/_pytest/runner.py\", line 246, in <lambda>\n    lambda: runtest_hook(item=item, **kwds), when=when, reraise=reraise\n  File \"/home/runner/work/operator-workflows/operator-workflows/tests/workflows/integration/test-upload-charm/.tox/integration-juju3.1/lib/python3.10/site-packages/pluggy/_hooks.py\", line 512, in __call__\n    return self._hookexec(self.name, self._hookimpls.copy(), kwargs, firstresult)\n  File \"/home/runner/work/operator-workflows/operator-workflows/tests/workflows/integration/test-upload-charm/.tox/integration-juju3.1/lib/python3.10/site-packages/pluggy/_manager.py\", line 120, in _hookexec\n    return self._inner_hookexec(hook_name, methods, kwargs, firstresult)\n  File \"/home/runner/work/operator-workflows/operator-workflows/tests/workflows/integration/test-upload-charm/.tox/integration-juju3.1/lib/python3.10/site-packages/pluggy/_callers.py\", line 167, in _multicall\n    raise exception\n  File \"/home/runner/work/operator-workflows/operator-workflows/tests/workflows/integration/test-upload-charm/.tox/integration-juju3.1/lib/python3.10/site-packages/pluggy/_callers.py\", line 139, in _multicall\n    teardown.throw(exception)\n  File \"/home/runner/work/operator-workflows/operator-workflows/tests/workflows/integration/test-upload-charm/.tox/integration-juju3.1/lib/python3.10/site-packages/_pytest/logging.py\", line 850, in pytest_runtest_call\n    yield\n  File \"/home/runner/work/operator-workflows/operator-workflows/tests/workflows/integration/test-upload-charm/.tox/integration-juju3.1/lib/python3.10/site-packages/pluggy/_callers.py\", line 139, in _multicall\n    teardown.throw(exception)\n  File \"/home/runner/work/operator-workflows/operator-workflows/tests/workflows/integration/test-upload-charm/.tox/integration-juju3.1/lib/python3.10/site-packages/pluggy/_callers.py\", line 53, in run_old_style_hookwrapper\n    return result.get_result()\n  File \"/home/runner/work/operator-workflows/operator-workflows/tests/workflows/integration/test-upload-charm/.tox/integration-juju3.1/lib/python3.10/site-packages/pluggy/_result.py\", line 103, in get_result\n    raise exc.with_traceback(tb)\n  File \"/home/runner/work/operator-workflows/operator-workflows/tests/workflows/integration/test-upload-charm/.tox/integration-juju3.1/lib/python3.10/site-packages/pluggy/_callers.py\", line 38, in run_old_style_hookwrapper\n    res = yield\n  File \"/home/runner/work/operator-workflows/operator-workflows/tests/workflows/integration/test-upload-charm/.tox/integration-juju3.1/lib/python3.10/site-packages/pluggy/_callers.py\", line 139, in _multicall\n    teardown.throw(exception)\n  File \"/home/runner/work/operator-workflows/operator-workflows/tests/workflows/integration/test-upload-charm/.tox/integration-juju3.1/lib/python3.10/site-packages/_pytest/capture.py\", line 900, in pytest_runtest_call\n    return (yield)\n  File \"/home/runner/work/operator-workflows/operator-workflows/tests/workflows/integration/test-upload-charm/.tox/integration-juju3.1/lib/python3.10/site-packages/pluggy/_callers.py\", line 139, in _multicall\n    teardown.throw(exception)\n  File \"/home/runner/work/operator-workflows/operator-workflows/tests/workflows/integration/test-upload-charm/.tox/integration-juju3.1/lib/python3.10/site-packages/_pytest/skipping.py\", line 263, in pytest_runtest_call\n    return (yield)\n  File \"/home/runner/work/operator-workflows/operator-workflows/tests/workflows/integration/test-upload-charm/.tox/integration-juju3.1/lib/python3.10/site-packages/pluggy/_callers.py\", line 121, in _multicall\n    res = hook_impl.function(*args)\n  File \"/home/runner/work/operator-workflows/operator-workflows/tests/workflows/integration/test-upload-charm/.tox/integration-juju3.1/lib/python3.10/site-packages/_pytest/runner.py\", line 178, in pytest_runtest_call\n    item.runtest()\n  File \"/home/runner/work/operator-workflows/operator-workflows/tests/workflows/integration/test-upload-charm/.tox/integration-juju3.1/lib/python3.10/site-packages/_pytest/python.py\", line 1670, in runtest\n    self.ihook.pytest_pyfunc_call(pyfuncitem=self)\n  File \"/home/runner/work/operator-workflows/operator-workflows/tests/workflows/integration/test-upload-charm/.tox/integration-juju3.1/lib/python3.10/site-packages/pluggy/_hooks.py\", line 512, in __call__\n    return self._hookexec(self.name, self._hookimpls.copy(), kwargs, firstresult)\n  File \"/home/runner/work/operator-workflows/operator-workflows/tests/workflows/integration/test-upload-charm/.tox/integration-juju3.1/lib/python3.10/site-packages/pluggy/_manager.py\", line 120, in _hookexec\n    return self._inner_hookexec(hook_name, methods, kwargs, firstresult)\n  File \"/home/runner/work/operator-workflows/operator-workflows/tests/workflows/integration/test-upload-charm/.tox/integration-juju3.1/lib/python3.10/site-packages/pluggy/_callers.py\", line 167, in _multicall\n    raise exception\n  File \"/home/runner/work/operator-workflows/operator-workflows/tests/workflows/integration/test-upload-charm/.tox/integration-juju3.1/lib/python3.10/site-packages/pluggy/_callers.py\", line 139, in _multicall\n    teardown.throw(exception)\n  File \"/home/runner/work/operator-workflows/operator-workflows/tests/workflows/integration/test-upload-charm/.tox/integration-juju3.1/lib/python3.10/site-packages/pluggy/_callers.py\", line 53, in run_old_style_hookwrapper\n    return result.get_result()\n  File \"/home/runner/work/operator-workflows/operator-workflows/tests/workflows/integration/test-upload-charm/.tox/integration-juju3.1/lib/python3.10/site-packages/pluggy/_result.py\", line 103, in get_result\n    raise exc.with_traceback(tb)\n  File \"/home/runner/work/operator-workflows/operator-workflows/tests/workflows/integration/test-upload-charm/.tox/integration-juju3.1/lib/python3.10/site-packages/pluggy/_callers.py\", line 38, in run_old_style_hookwrapper\n    res = yield\n  File \"/home/runner/work/operator-workflows/operator-workflows/tests/workflows/integration/test-upload-charm/.tox/integration-juju3.1/lib/python3.10/site-packages/pluggy/_callers.py\", line 121, in _multicall\n    res = hook_impl.function(*args)\n  File \"/home/runner/work/operator-workflows/operator-workflows/tests/workflows/integration/test-upload-charm/.tox/integration-juju3.1/lib/python3.10/site-packages/_pytest/python.py\", line 156, in pytest_pyfunc_call\n    result = testfunction(**testargs)\n  File \"/home/runner/work/operator-workflows/operator-workflows/tests/workflows/integration/test-upload-charm/.tox/integration-juju3.1/lib/python3.10/site-packages/pytest_asyncio/plugin.py\", line 529, in inner\n    _loop.run_until_complete(task)\n  File \"/usr/lib/python3.10/asyncio/base_events.py\", line 649, in run_until_complete\n    return future.result()\n  File \"/home/runner/work/operator-workflows/operator-workflows/tests/workflows/integration/test-upload-charm/tests/integration/test_charm.py\", line 33, in test_build_and_deploy\n    assert False\nAssertionError: assert False","flaky":false,"newFailed":false,"newBroken":false,"newPassed":false,"retriesCount":0,"retriesStatusChange":false,"beforeStages":[{"name":"event_loop","time":{"start":1749485275158,"stop":1749485275159,"duration":1},"status":"passed","steps":[],"attachments":[],"parameters":[],"shouldDisplayMessage":false,"stepsCount":0,"attachmentsCount":0,"hasContent":false,"attachmentStep":false},{"name":"pytestconfig","time":{"start":1749485275159,"stop":1749485275159,"duration":0},"status":"passed","steps":[],"attachments":[],"parameters":[],"shouldDisplayMessage":false,"stepsCount":0,"attachmentsCount":0,"hasContent":false,"attachmentStep":false},{"name":"tmp_path_factory","time":{"start":1749485275159,"stop":1749485275159,"duration":0},"status":"passed","steps":[],"attachments":[],"parameters":[],"shouldDisplayMessage":false,"stepsCount":0,"attachmentsCount":0,"hasContent":false,"attachmentStep":false},{"name":"ops_test","time":{"start":1749485275159,"stop":1749485275390,"duration":231},"status":"passed","steps":[],"attachments":[],"parameters":[],"shouldDisplayMessage":false,"stepsCount":0,"attachmentsCount":0,"hasContent":false,"attachmentStep":false},{"name":"abort_on_fail","time":{"start":1749485275390,"stop":1749485275390,"duration":0},"status":"passed","steps":[],"attachments":[],"parameters":[],"shouldDisplayMessage":false,"stepsCount":0,"attachmentsCount":0,"hasContent":false,"attachmentStep":false}],"testStage":{"description":"Build the charm-under-test and deploy it together with related charms.\n\n    Assert on the unit status before any relations/configurations take place.\n    ","status":"failed","statusMessage":"AssertionError: assert False","statusTrace":"Traceback (most recent call last):\n  File \"/home/runner/work/operator-workflows/operator-workflows/tests/workflows/integration/test-upload-charm/.tox/integration-juju3.1/lib/python3.10/site-packages/_pytest/runner.py\", line 344, in from_call\n    result: TResult | None = func()\n  File \"/home/runner/work/operator-workflows/operator-workflows/tests/workflows/integration/test-upload-charm/.tox/integration-juju3.1/lib/python3.10/site-packages/_pytest/runner.py\", line 246, in <lambda>\n    lambda: runtest_hook(item=item, **kwds), when=when, reraise=reraise\n  File \"/home/runner/work/operator-workflows/operator-workflows/tests/workflows/integration/test-upload-charm/.tox/integration-juju3.1/lib/python3.10/site-packages/pluggy/_hooks.py\", line 512, in __call__\n    return self._hookexec(self.name, self._hookimpls.copy(), kwargs, firstresult)\n  File \"/home/runner/work/operator-workflows/operator-workflows/tests/workflows/integration/test-upload-charm/.tox/integration-juju3.1/lib/python3.10/site-packages/pluggy/_manager.py\", line 120, in _hookexec\n    return self._inner_hookexec(hook_name, methods, kwargs, firstresult)\n  File \"/home/runner/work/operator-workflows/operator-workflows/tests/workflows/integration/test-upload-charm/.tox/integration-juju3.1/lib/python3.10/site-packages/pluggy/_callers.py\", line 167, in _multicall\n    raise exception\n  File \"/home/runner/work/operator-workflows/operator-workflows/tests/workflows/integration/test-upload-charm/.tox/integration-juju3.1/lib/python3.10/site-packages/pluggy/_callers.py\", line 139, in _multicall\n    teardown.throw(exception)\n  File \"/home/runner/work/operator-workflows/operator-workflows/tests/workflows/integration/test-upload-charm/.tox/integration-juju3.1/lib/python3.10/site-packages/_pytest/logging.py\", line 850, in pytest_runtest_call\n    yield\n  File \"/home/runner/work/operator-workflows/operator-workflows/tests/workflows/integration/test-upload-charm/.tox/integration-juju3.1/lib/python3.10/site-packages/pluggy/_callers.py\", line 139, in _multicall\n    teardown.throw(exception)\n  File \"/home/runner/work/operator-workflows/operator-workflows/tests/workflows/integration/test-upload-charm/.tox/integration-juju3.1/lib/python3.10/site-packages/pluggy/_callers.py\", line 53, in run_old_style_hookwrapper\n    return result.get_result()\n  File \"/home/runner/work/operator-workflows/operator-workflows/tests/workflows/integration/test-upload-charm/.tox/integration-juju3.1/lib/python3.10/site-packages/pluggy/_result.py\", line 103, in get_result\n    raise exc.with_traceback(tb)\n  File \"/home/runner/work/operator-workflows/operator-workflows/tests/workflows/integration/test-upload-charm/.tox/integration-juju3.1/lib/python3.10/site-packages/pluggy/_callers.py\", line 38, in run_old_style_hookwrapper\n    res = yield\n  File \"/home/runner/work/operator-workflows/operator-workflows/tests/workflows/integration/test-upload-charm/.tox/integration-juju3.1/lib/python3.10/site-packages/pluggy/_callers.py\", line 139, in _multicall\n    teardown.throw(exception)\n  File \"/home/runner/work/operator-workflows/operator-workflows/tests/workflows/integration/test-upload-charm/.tox/integration-juju3.1/lib/python3.10/site-packages/_pytest/capture.py\", line 900, in pytest_runtest_call\n    return (yield)\n  File \"/home/runner/work/operator-workflows/operator-workflows/tests/workflows/integration/test-upload-charm/.tox/integration-juju3.1/lib/python3.10/site-packages/pluggy/_callers.py\", line 139, in _multicall\n    teardown.throw(exception)\n  File \"/home/runner/work/operator-workflows/operator-workflows/tests/workflows/integration/test-upload-charm/.tox/integration-juju3.1/lib/python3.10/site-packages/_pytest/skipping.py\", line 263, in pytest_runtest_call\n    return (yield)\n  File \"/home/runner/work/operator-workflows/operator-workflows/tests/workflows/integration/test-upload-charm/.tox/integration-juju3.1/lib/python3.10/site-packages/pluggy/_callers.py\", line 121, in _multicall\n    res = hook_impl.function(*args)\n  File \"/home/runner/work/operator-workflows/operator-workflows/tests/workflows/integration/test-upload-charm/.tox/integration-juju3.1/lib/python3.10/site-packages/_pytest/runner.py\", line 178, in pytest_runtest_call\n    item.runtest()\n  File \"/home/runner/work/operator-workflows/operator-workflows/tests/workflows/integration/test-upload-charm/.tox/integration-juju3.1/lib/python3.10/site-packages/_pytest/python.py\", line 1670, in runtest\n    self.ihook.pytest_pyfunc_call(pyfuncitem=self)\n  File \"/home/runner/work/operator-workflows/operator-workflows/tests/workflows/integration/test-upload-charm/.tox/integration-juju3.1/lib/python3.10/site-packages/pluggy/_hooks.py\", line 512, in __call__\n    return self._hookexec(self.name, self._hookimpls.copy(), kwargs, firstresult)\n  File \"/home/runner/work/operator-workflows/operator-workflows/tests/workflows/integration/test-upload-charm/.tox/integration-juju3.1/lib/python3.10/site-packages/pluggy/_manager.py\", line 120, in _hookexec\n    return self._inner_hookexec(hook_name, methods, kwargs, firstresult)\n  File \"/home/runner/work/operator-workflows/operator-workflows/tests/workflows/integration/test-upload-charm/.tox/integration-juju3.1/lib/python3.10/site-packages/pluggy/_callers.py\", line 167, in _multicall\n    raise exception\n  File \"/home/runner/work/operator-workflows/operator-workflows/tests/workflows/integration/test-upload-charm/.tox/integration-juju3.1/lib/python3.10/site-packages/pluggy/_callers.py\", line 139, in _multicall\n    teardown.throw(exception)\n  File \"/home/runner/work/operator-workflows/operator-workflows/tests/workflows/integration/test-upload-charm/.tox/integration-juju3.1/lib/python3.10/site-packages/pluggy/_callers.py\", line 53, in run_old_style_hookwrapper\n    return result.get_result()\n  File \"/home/runner/work/operator-workflows/operator-workflows/tests/workflows/integration/test-upload-charm/.tox/integration-juju3.1/lib/python3.10/site-packages/pluggy/_result.py\", line 103, in get_result\n    raise exc.with_traceback(tb)\n  File \"/home/runner/work/operator-workflows/operator-workflows/tests/workflows/integration/test-upload-charm/.tox/integration-juju3.1/lib/python3.10/site-packages/pluggy/_callers.py\", line 38, in run_old_style_hookwrapper\n    res = yield\n  File \"/home/runner/work/operator-workflows/operator-workflows/tests/workflows/integration/test-upload-charm/.tox/integration-juju3.1/lib/python3.10/site-packages/pluggy/_callers.py\", line 121, in _multicall\n    res = hook_impl.function(*args)\n  File \"/home/runner/work/operator-workflows/operator-workflows/tests/workflows/integration/test-upload-charm/.tox/integration-juju3.1/lib/python3.10/site-packages/_pytest/python.py\", line 156, in pytest_pyfunc_call\n    result = testfunction(**testargs)\n  File \"/home/runner/work/operator-workflows/operator-workflows/tests/workflows/integration/test-upload-charm/.tox/integration-juju3.1/lib/python3.10/site-packages/pytest_asyncio/plugin.py\", line 529, in inner\n    _loop.run_until_complete(task)\n  File \"/usr/lib/python3.10/asyncio/base_events.py\", line 649, in run_until_complete\n    return future.result()\n  File \"/home/runner/work/operator-workflows/operator-workflows/tests/workflows/integration/test-upload-charm/tests/integration/test_charm.py\", line 33, in test_build_and_deploy\n    assert False\nAssertionError: assert False","steps":[],"attachments":[{"uid":"bae758b9e9c0779e","name":"log","source":"bae758b9e9c0779e.txt","type":"text/plain","size":3524}],"parameters":[],"shouldDisplayMessage":true,"stepsCount":0,"attachmentsCount":1,"hasContent":true,"attachmentStep":false},"afterStages":[{"name":"ops_test::finalizer","time":{"start":1749485303991,"stop":1749485306359,"duration":2368},"status":"passed","steps":[],"attachments":[],"parameters":[],"shouldDisplayMessage":false,"stepsCount":0,"attachmentsCount":0,"hasContent":false,"attachmentStep":false},{"name":"abort_on_fail::0","time":{"start":1749485303991,"stop":1749485303991,"duration":0},"status":"passed","steps":[],"attachments":[],"parameters":[],"shouldDisplayMessage":false,"stepsCount":0,"attachmentsCount":0,"hasContent":false,"attachmentStep":false},{"name":"event_loop::2","time":{"start":1749485306360,"stop":1749485306360,"duration":0},"status":"passed","steps":[],"attachments":[],"parameters":[],"shouldDisplayMessage":false,"stepsCount":0,"attachmentsCount":0,"hasContent":false,"attachmentStep":false},{"name":"event_loop::_close_event_loop","time":{"start":1749485306360,"stop":1749485306360,"duration":0},"status":"passed","steps":[],"attachments":[],"parameters":[],"shouldDisplayMessage":false,"stepsCount":0,"attachmentsCount":0,"hasContent":false,"attachmentStep":false},{"name":"event_loop::_provide_clean_event_loop","time":{"start":1749485306360,"stop":1749485306360,"duration":0},"status":"passed","steps":[],"attachments":[],"parameters":[],"shouldDisplayMessage":false,"stepsCount":0,"attachmentsCount":0,"hasContent":false,"attachmentStep":false}],"labels":[{"name":"tag","value":"asyncio"},{"name":"parentSuite","value":"tests.integration"},{"name":"suite","value":"test_charm"},{"name":"host","value":"fv-az1198-874"},{"name":"thread","value":"23984-MainThread"},{"name":"framework","value":"pytest"},{"name":"language","value":"cpython3"},{"name":"package","value":"tests.integration.test_charm"},{"name":"resultFormat","value":"allure2"}],"parameters":[],"links":[],"hidden":true,"retry":true,"extra":{"categories":[],"tags":["asyncio"]},"source":"b275f287bf4a761d.json","parameterValues":[]}