{"uid":"5bc0610f8ec4c08d","name":"test_build_and_deploy","fullName":"tests.integration.test_charm#test_build_and_deploy","historyId":"6e6e907ed99cb080c4e76760513358b7","time":{"start":1750154594287,"stop":1750154602803,"duration":8516},"description":"Build the charm-under-test and deploy it together with related charms.\n\n    Assert on the unit status before any relations/configurations take place.\n    ","descriptionHtml":"<p>Build the charm-under-test and deploy it together with related charms.</p>\n<pre><code>Assert on the unit status before any relations/configurations take place.\n</code></pre>\n","status":"broken","statusMessage":"juju.errors.JujuUnitError: Unit in error: test/0","statusTrace":"Traceback (most recent call last):\n  File \"/home/runner/work/operator-workflows/operator-workflows/tests/workflows/integration/test-upload-charm/.tox/integration-juju3.1/lib/python3.10/site-packages/_pytest/runner.py\", line 344, in from_call\n    result: TResult | None = func()\n  File \"/home/runner/work/operator-workflows/operator-workflows/tests/workflows/integration/test-upload-charm/.tox/integration-juju3.1/lib/python3.10/site-packages/_pytest/runner.py\", line 246, in <lambda>\n    lambda: runtest_hook(item=item, **kwds), when=when, reraise=reraise\n  File \"/home/runner/work/operator-workflows/operator-workflows/tests/workflows/integration/test-upload-charm/.tox/integration-juju3.1/lib/python3.10/site-packages/pluggy/_hooks.py\", line 512, in __call__\n    return self._hookexec(self.name, self._hookimpls.copy(), kwargs, firstresult)\n  File \"/home/runner/work/operator-workflows/operator-workflows/tests/workflows/integration/test-upload-charm/.tox/integration-juju3.1/lib/python3.10/site-packages/pluggy/_manager.py\", line 120, in _hookexec\n    return self._inner_hookexec(hook_name, methods, kwargs, firstresult)\n  File \"/home/runner/work/operator-workflows/operator-workflows/tests/workflows/integration/test-upload-charm/.tox/integration-juju3.1/lib/python3.10/site-packages/pluggy/_callers.py\", line 167, in _multicall\n    raise exception\n  File \"/home/runner/work/operator-workflows/operator-workflows/tests/workflows/integration/test-upload-charm/.tox/integration-juju3.1/lib/python3.10/site-packages/pluggy/_callers.py\", line 139, in _multicall\n    teardown.throw(exception)\n  File \"/home/runner/work/operator-workflows/operator-workflows/tests/workflows/integration/test-upload-charm/.tox/integration-juju3.1/lib/python3.10/site-packages/_pytest/logging.py\", line 850, in pytest_runtest_call\n    yield\n  File \"/home/runner/work/operator-workflows/operator-workflows/tests/workflows/integration/test-upload-charm/.tox/integration-juju3.1/lib/python3.10/site-packages/pluggy/_callers.py\", line 139, in _multicall\n    teardown.throw(exception)\n  File \"/home/runner/work/operator-workflows/operator-workflows/tests/workflows/integration/test-upload-charm/.tox/integration-juju3.1/lib/python3.10/site-packages/pluggy/_callers.py\", line 53, in run_old_style_hookwrapper\n    return result.get_result()\n  File \"/home/runner/work/operator-workflows/operator-workflows/tests/workflows/integration/test-upload-charm/.tox/integration-juju3.1/lib/python3.10/site-packages/pluggy/_result.py\", line 103, in get_result\n    raise exc.with_traceback(tb)\n  File \"/home/runner/work/operator-workflows/operator-workflows/tests/workflows/integration/test-upload-charm/.tox/integration-juju3.1/lib/python3.10/site-packages/pluggy/_callers.py\", line 38, in run_old_style_hookwrapper\n    res = yield\n  File \"/home/runner/work/operator-workflows/operator-workflows/tests/workflows/integration/test-upload-charm/.tox/integration-juju3.1/lib/python3.10/site-packages/pluggy/_callers.py\", line 139, in _multicall\n    teardown.throw(exception)\n  File \"/home/runner/work/operator-workflows/operator-workflows/tests/workflows/integration/test-upload-charm/.tox/integration-juju3.1/lib/python3.10/site-packages/_pytest/capture.py\", line 900, in pytest_runtest_call\n    return (yield)\n  File \"/home/runner/work/operator-workflows/operator-workflows/tests/workflows/integration/test-upload-charm/.tox/integration-juju3.1/lib/python3.10/site-packages/pluggy/_callers.py\", line 139, in _multicall\n    teardown.throw(exception)\n  File \"/home/runner/work/operator-workflows/operator-workflows/tests/workflows/integration/test-upload-charm/.tox/integration-juju3.1/lib/python3.10/site-packages/_pytest/skipping.py\", line 263, in pytest_runtest_call\n    return (yield)\n  File \"/home/runner/work/operator-workflows/operator-workflows/tests/workflows/integration/test-upload-charm/.tox/integration-juju3.1/lib/python3.10/site-packages/pluggy/_callers.py\", line 121, in _multicall\n    res = hook_impl.function(*args)\n  File \"/home/runner/work/operator-workflows/operator-workflows/tests/workflows/integration/test-upload-charm/.tox/integration-juju3.1/lib/python3.10/site-packages/_pytest/runner.py\", line 178, in pytest_runtest_call\n    item.runtest()\n  File \"/home/runner/work/operator-workflows/operator-workflows/tests/workflows/integration/test-upload-charm/.tox/integration-juju3.1/lib/python3.10/site-packages/_pytest/python.py\", line 1670, in runtest\n    self.ihook.pytest_pyfunc_call(pyfuncitem=self)\n  File \"/home/runner/work/operator-workflows/operator-workflows/tests/workflows/integration/test-upload-charm/.tox/integration-juju3.1/lib/python3.10/site-packages/pluggy/_hooks.py\", line 512, in __call__\n    return self._hookexec(self.name, self._hookimpls.copy(), kwargs, firstresult)\n  File \"/home/runner/work/operator-workflows/operator-workflows/tests/workflows/integration/test-upload-charm/.tox/integration-juju3.1/lib/python3.10/site-packages/pluggy/_manager.py\", line 120, in _hookexec\n    return self._inner_hookexec(hook_name, methods, kwargs, firstresult)\n  File \"/home/runner/work/operator-workflows/operator-workflows/tests/workflows/integration/test-upload-charm/.tox/integration-juju3.1/lib/python3.10/site-packages/pluggy/_callers.py\", line 167, in _multicall\n    raise exception\n  File \"/home/runner/work/operator-workflows/operator-workflows/tests/workflows/integration/test-upload-charm/.tox/integration-juju3.1/lib/python3.10/site-packages/pluggy/_callers.py\", line 139, in _multicall\n    teardown.throw(exception)\n  File \"/home/runner/work/operator-workflows/operator-workflows/tests/workflows/integration/test-upload-charm/.tox/integration-juju3.1/lib/python3.10/site-packages/pluggy/_callers.py\", line 53, in run_old_style_hookwrapper\n    return result.get_result()\n  File \"/home/runner/work/operator-workflows/operator-workflows/tests/workflows/integration/test-upload-charm/.tox/integration-juju3.1/lib/python3.10/site-packages/pluggy/_result.py\", line 103, in get_result\n    raise exc.with_traceback(tb)\n  File \"/home/runner/work/operator-workflows/operator-workflows/tests/workflows/integration/test-upload-charm/.tox/integration-juju3.1/lib/python3.10/site-packages/pluggy/_callers.py\", line 38, in run_old_style_hookwrapper\n    res = yield\n  File \"/home/runner/work/operator-workflows/operator-workflows/tests/workflows/integration/test-upload-charm/.tox/integration-juju3.1/lib/python3.10/site-packages/pluggy/_callers.py\", line 121, in _multicall\n    res = hook_impl.function(*args)\n  File \"/home/runner/work/operator-workflows/operator-workflows/tests/workflows/integration/test-upload-charm/.tox/integration-juju3.1/lib/python3.10/site-packages/_pytest/python.py\", line 156, in pytest_pyfunc_call\n    result = testfunction(**testargs)\n  File \"/home/runner/work/operator-workflows/operator-workflows/tests/workflows/integration/test-upload-charm/.tox/integration-juju3.1/lib/python3.10/site-packages/pytest_asyncio/plugin.py\", line 529, in inner\n    _loop.run_until_complete(task)\n  File \"/usr/lib/python3.10/asyncio/base_events.py\", line 649, in run_until_complete\n    return future.result()\n  File \"/home/runner/work/operator-workflows/operator-workflows/tests/workflows/integration/test-upload-charm/tests/integration/test_charm.py\", line 25, in test_build_and_deploy\n    await asyncio.gather(\n  File \"/home/runner/work/operator-workflows/operator-workflows/tests/workflows/integration/test-upload-charm/.tox/integration-juju3.1/lib/python3.10/site-packages/juju/model.py\", line 2633, in wait_for_idle\n    _raise_for_status(errors, \"error\")\n  File \"/home/runner/work/operator-workflows/operator-workflows/tests/workflows/integration/test-upload-charm/.tox/integration-juju3.1/lib/python3.10/site-packages/juju/model.py\", line 2572, in _raise_for_status\n    raise error_type(\"{}{} in {}: {}\".format(\njuju.errors.JujuUnitError: Unit in error: test/0","flaky":false,"newFailed":false,"newBroken":true,"newPassed":false,"retriesCount":11,"retriesStatusChange":true,"beforeStages":[{"name":"event_loop","time":{"start":1750154594032,"stop":1750154594032,"duration":0},"status":"passed","steps":[],"attachments":[],"parameters":[],"shouldDisplayMessage":false,"stepsCount":0,"attachmentsCount":0,"hasContent":false,"attachmentStep":false},{"name":"pytestconfig","time":{"start":1750154594032,"stop":1750154594032,"duration":0},"status":"passed","steps":[],"attachments":[],"parameters":[],"shouldDisplayMessage":false,"stepsCount":0,"attachmentsCount":0,"hasContent":false,"attachmentStep":false},{"name":"tmp_path_factory","time":{"start":1750154594032,"stop":1750154594032,"duration":0},"status":"passed","steps":[],"attachments":[],"parameters":[],"shouldDisplayMessage":false,"stepsCount":0,"attachmentsCount":0,"hasContent":false,"attachmentStep":false},{"name":"ops_test","time":{"start":1750154594032,"stop":1750154594284,"duration":252},"status":"passed","steps":[],"attachments":[],"parameters":[],"shouldDisplayMessage":false,"stepsCount":0,"attachmentsCount":0,"hasContent":false,"attachmentStep":false},{"name":"abort_on_fail","time":{"start":1750154594285,"stop":1750154594285,"duration":0},"status":"passed","steps":[],"attachments":[],"parameters":[],"shouldDisplayMessage":false,"stepsCount":0,"attachmentsCount":0,"hasContent":false,"attachmentStep":false}],"testStage":{"description":"Build the charm-under-test and deploy it together with related charms.\n\n    Assert on the unit status before any relations/configurations take place.\n    ","status":"broken","statusMessage":"juju.errors.JujuUnitError: Unit in error: test/0","statusTrace":"Traceback (most recent call last):\n  File \"/home/runner/work/operator-workflows/operator-workflows/tests/workflows/integration/test-upload-charm/.tox/integration-juju3.1/lib/python3.10/site-packages/_pytest/runner.py\", line 344, in from_call\n    result: TResult | None = func()\n  File \"/home/runner/work/operator-workflows/operator-workflows/tests/workflows/integration/test-upload-charm/.tox/integration-juju3.1/lib/python3.10/site-packages/_pytest/runner.py\", line 246, in <lambda>\n    lambda: runtest_hook(item=item, **kwds), when=when, reraise=reraise\n  File \"/home/runner/work/operator-workflows/operator-workflows/tests/workflows/integration/test-upload-charm/.tox/integration-juju3.1/lib/python3.10/site-packages/pluggy/_hooks.py\", line 512, in __call__\n    return self._hookexec(self.name, self._hookimpls.copy(), kwargs, firstresult)\n  File \"/home/runner/work/operator-workflows/operator-workflows/tests/workflows/integration/test-upload-charm/.tox/integration-juju3.1/lib/python3.10/site-packages/pluggy/_manager.py\", line 120, in _hookexec\n    return self._inner_hookexec(hook_name, methods, kwargs, firstresult)\n  File \"/home/runner/work/operator-workflows/operator-workflows/tests/workflows/integration/test-upload-charm/.tox/integration-juju3.1/lib/python3.10/site-packages/pluggy/_callers.py\", line 167, in _multicall\n    raise exception\n  File \"/home/runner/work/operator-workflows/operator-workflows/tests/workflows/integration/test-upload-charm/.tox/integration-juju3.1/lib/python3.10/site-packages/pluggy/_callers.py\", line 139, in _multicall\n    teardown.throw(exception)\n  File \"/home/runner/work/operator-workflows/operator-workflows/tests/workflows/integration/test-upload-charm/.tox/integration-juju3.1/lib/python3.10/site-packages/_pytest/logging.py\", line 850, in pytest_runtest_call\n    yield\n  File \"/home/runner/work/operator-workflows/operator-workflows/tests/workflows/integration/test-upload-charm/.tox/integration-juju3.1/lib/python3.10/site-packages/pluggy/_callers.py\", line 139, in _multicall\n    teardown.throw(exception)\n  File \"/home/runner/work/operator-workflows/operator-workflows/tests/workflows/integration/test-upload-charm/.tox/integration-juju3.1/lib/python3.10/site-packages/pluggy/_callers.py\", line 53, in run_old_style_hookwrapper\n    return result.get_result()\n  File \"/home/runner/work/operator-workflows/operator-workflows/tests/workflows/integration/test-upload-charm/.tox/integration-juju3.1/lib/python3.10/site-packages/pluggy/_result.py\", line 103, in get_result\n    raise exc.with_traceback(tb)\n  File \"/home/runner/work/operator-workflows/operator-workflows/tests/workflows/integration/test-upload-charm/.tox/integration-juju3.1/lib/python3.10/site-packages/pluggy/_callers.py\", line 38, in run_old_style_hookwrapper\n    res = yield\n  File \"/home/runner/work/operator-workflows/operator-workflows/tests/workflows/integration/test-upload-charm/.tox/integration-juju3.1/lib/python3.10/site-packages/pluggy/_callers.py\", line 139, in _multicall\n    teardown.throw(exception)\n  File \"/home/runner/work/operator-workflows/operator-workflows/tests/workflows/integration/test-upload-charm/.tox/integration-juju3.1/lib/python3.10/site-packages/_pytest/capture.py\", line 900, in pytest_runtest_call\n    return (yield)\n  File \"/home/runner/work/operator-workflows/operator-workflows/tests/workflows/integration/test-upload-charm/.tox/integration-juju3.1/lib/python3.10/site-packages/pluggy/_callers.py\", line 139, in _multicall\n    teardown.throw(exception)\n  File \"/home/runner/work/operator-workflows/operator-workflows/tests/workflows/integration/test-upload-charm/.tox/integration-juju3.1/lib/python3.10/site-packages/_pytest/skipping.py\", line 263, in pytest_runtest_call\n    return (yield)\n  File \"/home/runner/work/operator-workflows/operator-workflows/tests/workflows/integration/test-upload-charm/.tox/integration-juju3.1/lib/python3.10/site-packages/pluggy/_callers.py\", line 121, in _multicall\n    res = hook_impl.function(*args)\n  File \"/home/runner/work/operator-workflows/operator-workflows/tests/workflows/integration/test-upload-charm/.tox/integration-juju3.1/lib/python3.10/site-packages/_pytest/runner.py\", line 178, in pytest_runtest_call\n    item.runtest()\n  File \"/home/runner/work/operator-workflows/operator-workflows/tests/workflows/integration/test-upload-charm/.tox/integration-juju3.1/lib/python3.10/site-packages/_pytest/python.py\", line 1670, in runtest\n    self.ihook.pytest_pyfunc_call(pyfuncitem=self)\n  File \"/home/runner/work/operator-workflows/operator-workflows/tests/workflows/integration/test-upload-charm/.tox/integration-juju3.1/lib/python3.10/site-packages/pluggy/_hooks.py\", line 512, in __call__\n    return self._hookexec(self.name, self._hookimpls.copy(), kwargs, firstresult)\n  File \"/home/runner/work/operator-workflows/operator-workflows/tests/workflows/integration/test-upload-charm/.tox/integration-juju3.1/lib/python3.10/site-packages/pluggy/_manager.py\", line 120, in _hookexec\n    return self._inner_hookexec(hook_name, methods, kwargs, firstresult)\n  File \"/home/runner/work/operator-workflows/operator-workflows/tests/workflows/integration/test-upload-charm/.tox/integration-juju3.1/lib/python3.10/site-packages/pluggy/_callers.py\", line 167, in _multicall\n    raise exception\n  File \"/home/runner/work/operator-workflows/operator-workflows/tests/workflows/integration/test-upload-charm/.tox/integration-juju3.1/lib/python3.10/site-packages/pluggy/_callers.py\", line 139, in _multicall\n    teardown.throw(exception)\n  File \"/home/runner/work/operator-workflows/operator-workflows/tests/workflows/integration/test-upload-charm/.tox/integration-juju3.1/lib/python3.10/site-packages/pluggy/_callers.py\", line 53, in run_old_style_hookwrapper\n    return result.get_result()\n  File \"/home/runner/work/operator-workflows/operator-workflows/tests/workflows/integration/test-upload-charm/.tox/integration-juju3.1/lib/python3.10/site-packages/pluggy/_result.py\", line 103, in get_result\n    raise exc.with_traceback(tb)\n  File \"/home/runner/work/operator-workflows/operator-workflows/tests/workflows/integration/test-upload-charm/.tox/integration-juju3.1/lib/python3.10/site-packages/pluggy/_callers.py\", line 38, in run_old_style_hookwrapper\n    res = yield\n  File \"/home/runner/work/operator-workflows/operator-workflows/tests/workflows/integration/test-upload-charm/.tox/integration-juju3.1/lib/python3.10/site-packages/pluggy/_callers.py\", line 121, in _multicall\n    res = hook_impl.function(*args)\n  File \"/home/runner/work/operator-workflows/operator-workflows/tests/workflows/integration/test-upload-charm/.tox/integration-juju3.1/lib/python3.10/site-packages/_pytest/python.py\", line 156, in pytest_pyfunc_call\n    result = testfunction(**testargs)\n  File \"/home/runner/work/operator-workflows/operator-workflows/tests/workflows/integration/test-upload-charm/.tox/integration-juju3.1/lib/python3.10/site-packages/pytest_asyncio/plugin.py\", line 529, in inner\n    _loop.run_until_complete(task)\n  File \"/usr/lib/python3.10/asyncio/base_events.py\", line 649, in run_until_complete\n    return future.result()\n  File \"/home/runner/work/operator-workflows/operator-workflows/tests/workflows/integration/test-upload-charm/tests/integration/test_charm.py\", line 25, in test_build_and_deploy\n    await asyncio.gather(\n  File \"/home/runner/work/operator-workflows/operator-workflows/tests/workflows/integration/test-upload-charm/.tox/integration-juju3.1/lib/python3.10/site-packages/juju/model.py\", line 2633, in wait_for_idle\n    _raise_for_status(errors, \"error\")\n  File \"/home/runner/work/operator-workflows/operator-workflows/tests/workflows/integration/test-upload-charm/.tox/integration-juju3.1/lib/python3.10/site-packages/juju/model.py\", line 2572, in _raise_for_status\n    raise error_type(\"{}{} in {}: {}\".format(\njuju.errors.JujuUnitError: Unit in error: test/0","steps":[],"attachments":[{"uid":"9be4acecd4454fb","name":"log","source":"9be4acecd4454fb.txt","type":"text/plain","size":1770}],"parameters":[],"shouldDisplayMessage":true,"stepsCount":0,"attachmentsCount":1,"hasContent":true,"attachmentStep":false},"afterStages":[{"name":"ops_test::finalizer","time":{"start":1750154602839,"stop":1750154605291,"duration":2452},"status":"passed","steps":[],"attachments":[],"parameters":[],"shouldDisplayMessage":false,"stepsCount":0,"attachmentsCount":0,"hasContent":false,"attachmentStep":false},{"name":"abort_on_fail::0","time":{"start":1750154602839,"stop":1750154602839,"duration":0},"status":"passed","steps":[],"attachments":[],"parameters":[],"shouldDisplayMessage":false,"stepsCount":0,"attachmentsCount":0,"hasContent":false,"attachmentStep":false},{"name":"event_loop::2","time":{"start":1750154605292,"stop":1750154605292,"duration":0},"status":"passed","steps":[],"attachments":[],"parameters":[],"shouldDisplayMessage":false,"stepsCount":0,"attachmentsCount":0,"hasContent":false,"attachmentStep":false},{"name":"event_loop::_close_event_loop","time":{"start":1750154605292,"stop":1750154605292,"duration":0},"status":"passed","steps":[],"attachments":[],"parameters":[],"shouldDisplayMessage":false,"stepsCount":0,"attachmentsCount":0,"hasContent":false,"attachmentStep":false},{"name":"event_loop::_provide_clean_event_loop","time":{"start":1750154605292,"stop":1750154605292,"duration":0},"status":"passed","steps":[],"attachments":[],"parameters":[],"shouldDisplayMessage":false,"stepsCount":0,"attachmentsCount":0,"hasContent":false,"attachmentStep":false}],"labels":[{"name":"tag","value":"asyncio"},{"name":"parentSuite","value":"tests.integration"},{"name":"suite","value":"test_charm"},{"name":"host","value":"fv-az714-538"},{"name":"thread","value":"24741-MainThread"},{"name":"framework","value":"pytest"},{"name":"language","value":"cpython3"},{"name":"package","value":"tests.integration.test_charm"},{"name":"resultFormat","value":"allure2"}],"parameters":[],"links":[],"hidden":false,"retry":false,"extra":{"severity":"normal","retries":[{"uid":"6e7f7c23ba6e4330","status":"passed","time":{"start":1750154514225,"stop":1750154547100,"duration":32875}},{"uid":"6045a37b479bc8b6","status":"passed","time":{"start":1750154506101,"stop":1750154541376,"duration":35275}},{"uid":"128f55bc1aad947d","status":"passed","time":{"start":1750154487429,"stop":1750154515982,"duration":28553}},{"uid":"bf301ce0b7f279a4","status":"passed","time":{"start":1750154468379,"stop":1750154502807,"duration":34428}},{"uid":"ddc7401644f45af7","status":"passed","time":{"start":1750154323212,"stop":1750154355606,"duration":32394}},{"uid":"3c38df0bb3e68ccf","status":"unknown","time":{}},{"uid":"b3b58d0d0b7bf1a3","status":"unknown","time":{}},{"uid":"c86cbd4bb6d7b82c","status":"unknown","time":{}},{"uid":"ee14d55b721dbff1","status":"unknown","time":{}},{"uid":"49a3262e3b6a24c1","status":"unknown","time":{}},{"uid":"da96df1e9d0b3d81","status":"unknown","time":{}}],"categories":[{"name":"Test defects","matchedStatuses":[]}],"history":{"statistic":{"failed":2,"broken":2,"skipped":0,"passed":628,"unknown":0,"total":632},"items":[{"uid":"a8fd1d8b77228ffe","reportUrl":"../2761//#testresult/a8fd1d8b77228ffe","status":"passed","time":{"start":1750099199631,"stop":1750099237561,"duration":37930}},{"uid":"42a5ae9e1ec631c8","reportUrl":"../2760//#testresult/42a5ae9e1ec631c8","status":"passed","time":{"start":1750067058363,"stop":1750067094665,"duration":36302}},{"uid":"5d76b08303e3b557","reportUrl":"../2759//#testresult/5d76b08303e3b557","status":"passed","time":{"start":1750065726264,"stop":1750065768189,"duration":41925}},{"uid":"eaa936a18a8e0caa","reportUrl":"../2758//#testresult/eaa936a18a8e0caa","status":"passed","time":{"start":1750064794750,"stop":1750064831575,"duration":36825}},{"uid":"476fba7efad86f88","reportUrl":"../2757//#testresult/476fba7efad86f88","status":"passed","time":{"start":1750063167621,"stop":1750063205006,"duration":37385}},{"uid":"76040a016a8ad7df","reportUrl":"../2756//#testresult/76040a016a8ad7df","status":"passed","time":{"start":1750063033548,"stop":1750063068336,"duration":34788}},{"uid":"545a59c72966debe","reportUrl":"../2755//#testresult/545a59c72966debe","status":"passed","time":{"start":1750061144462,"stop":1750061179722,"duration":35260}},{"uid":"13b8b5f0fa4bd6d9","reportUrl":"../2754//#testresult/13b8b5f0fa4bd6d9","status":"passed","time":{"start":1750059827591,"stop":1750059866565,"duration":38974}},{"uid":"9de74ae8357edeb5","reportUrl":"../2753//#testresult/9de74ae8357edeb5","status":"passed","time":{"start":1750058223694,"stop":1750058252242,"duration":28548}},{"uid":"9595e67312aaebe5","reportUrl":"../2752//#testresult/9595e67312aaebe5","status":"passed","time":{"start":1750057812274,"stop":1750057855303,"duration":43029}},{"uid":"9c1508a745d85c3c","reportUrl":"../2751//#testresult/9c1508a745d85c3c","status":"passed","time":{"start":1750017935442,"stop":1750017964496,"duration":29054}},{"uid":"afcb2784f503462e","reportUrl":"../2750//#testresult/afcb2784f503462e","status":"passed","time":{"start":1749838328290,"stop":1749838364063,"duration":35773}},{"uid":"cf5f7e2c94b04efb","reportUrl":"../2748//#testresult/cf5f7e2c94b04efb","status":"passed","time":{"start":1749803624402,"stop":1749803661244,"duration":36842}},{"uid":"79f6ed7b24dfc6e5","reportUrl":"../2749//#testresult/79f6ed7b24dfc6e5","status":"passed","time":{"start":1749803620913,"stop":1749803654326,"duration":33413}},{"uid":"109d8c81c0871b25","reportUrl":"../2747//#testresult/109d8c81c0871b25","status":"passed","time":{"start":1749802546057,"stop":1749802579440,"duration":33383}},{"uid":"ce9a8393296d0945","reportUrl":"../2745//#testresult/ce9a8393296d0945","status":"passed","time":{"start":1749744229847,"stop":1749744267962,"duration":38115}},{"uid":"b2ca39a9918aa815","reportUrl":"../2746//#testresult/b2ca39a9918aa815","status":"passed","time":{"start":1749743909478,"stop":1749743948014,"duration":38536}},{"uid":"362204f835c90397","reportUrl":"../2743//#testresult/362204f835c90397","status":"passed","time":{"start":1749743574411,"stop":1749743614009,"duration":39598}},{"uid":"23897b9de81b43a","reportUrl":"../2741//#testresult/23897b9de81b43a","status":"passed","time":{"start":1749735567149,"stop":1749735606029,"duration":38880}},{"uid":"ba49a9c005236cfa","reportUrl":"../2740//#testresult/ba49a9c005236cfa","status":"passed","time":{"start":1749733402479,"stop":1749733447763,"duration":45284}}]},"tags":["asyncio"]},"source":"5bc0610f8ec4c08d.json","parameterValues":[]}