{"uid":"4e7209de4b15c859","name":"test_build_and_deploy","fullName":"tests.integration.test_charm#test_build_and_deploy","historyId":"6e6e907ed99cb080c4e76760513358b7","time":{"start":1756805270129,"stop":1756805270142,"duration":13},"description":"Build the charm-under-test and deploy it together with related charms.\n\n    Assert on the unit status before any relations/configurations take place.\n    ","descriptionHtml":"<p>Build the charm-under-test and deploy it together with related charms.</p>\n<pre><code>Assert on the unit status before any relations/configurations take place.\n</code></pre>\n","status":"broken","statusMessage":"juju.errors.JujuError: ('Unknown series : %s', 'noble')","statusTrace":"Traceback (most recent call last):\n  File \"/home/ubuntu/actions-runner/_work/operator-workflows/operator-workflows/tests/workflows/integration/test-upload-charm/.tox/integration/lib/python3.12/site-packages/_pytest/runner.py\", line 344, in from_call\n    result: TResult | None = func()\n                             ^^^^^^\n  File \"/home/ubuntu/actions-runner/_work/operator-workflows/operator-workflows/tests/workflows/integration/test-upload-charm/.tox/integration/lib/python3.12/site-packages/_pytest/runner.py\", line 246, in <lambda>\n    lambda: runtest_hook(item=item, **kwds), when=when, reraise=reraise\n            ^^^^^^^^^^^^^^^^^^^^^^^^^^^^^^^\n  File \"/home/ubuntu/actions-runner/_work/operator-workflows/operator-workflows/tests/workflows/integration/test-upload-charm/.tox/integration/lib/python3.12/site-packages/pluggy/_hooks.py\", line 512, in __call__\n    return self._hookexec(self.name, self._hookimpls.copy(), kwargs, firstresult)\n           ^^^^^^^^^^^^^^^^^^^^^^^^^^^^^^^^^^^^^^^^^^^^^^^^^^^^^^^^^^^^^^^^^^^^^^\n  File \"/home/ubuntu/actions-runner/_work/operator-workflows/operator-workflows/tests/workflows/integration/test-upload-charm/.tox/integration/lib/python3.12/site-packages/pluggy/_manager.py\", line 120, in _hookexec\n    return self._inner_hookexec(hook_name, methods, kwargs, firstresult)\n           ^^^^^^^^^^^^^^^^^^^^^^^^^^^^^^^^^^^^^^^^^^^^^^^^^^^^^^^^^^^^^\n  File \"/home/ubuntu/actions-runner/_work/operator-workflows/operator-workflows/tests/workflows/integration/test-upload-charm/.tox/integration/lib/python3.12/site-packages/pluggy/_callers.py\", line 167, in _multicall\n    raise exception\n  File \"/home/ubuntu/actions-runner/_work/operator-workflows/operator-workflows/tests/workflows/integration/test-upload-charm/.tox/integration/lib/python3.12/site-packages/pluggy/_callers.py\", line 139, in _multicall\n    teardown.throw(exception)\n  File \"/home/ubuntu/actions-runner/_work/operator-workflows/operator-workflows/tests/workflows/integration/test-upload-charm/.tox/integration/lib/python3.12/site-packages/_pytest/logging.py\", line 850, in pytest_runtest_call\n    yield\n  File \"/home/ubuntu/actions-runner/_work/operator-workflows/operator-workflows/tests/workflows/integration/test-upload-charm/.tox/integration/lib/python3.12/site-packages/pluggy/_callers.py\", line 139, in _multicall\n    teardown.throw(exception)\n  File \"/home/ubuntu/actions-runner/_work/operator-workflows/operator-workflows/tests/workflows/integration/test-upload-charm/.tox/integration/lib/python3.12/site-packages/pluggy/_callers.py\", line 53, in run_old_style_hookwrapper\n    return result.get_result()\n           ^^^^^^^^^^^^^^^^^^^\n  File \"/home/ubuntu/actions-runner/_work/operator-workflows/operator-workflows/tests/workflows/integration/test-upload-charm/.tox/integration/lib/python3.12/site-packages/pluggy/_result.py\", line 103, in get_result\n    raise exc.with_traceback(tb)\n  File \"/home/ubuntu/actions-runner/_work/operator-workflows/operator-workflows/tests/workflows/integration/test-upload-charm/.tox/integration/lib/python3.12/site-packages/pluggy/_callers.py\", line 38, in run_old_style_hookwrapper\n    res = yield\n          ^^^^^\n  File \"/home/ubuntu/actions-runner/_work/operator-workflows/operator-workflows/tests/workflows/integration/test-upload-charm/.tox/integration/lib/python3.12/site-packages/pluggy/_callers.py\", line 139, in _multicall\n    teardown.throw(exception)\n  File \"/home/ubuntu/actions-runner/_work/operator-workflows/operator-workflows/tests/workflows/integration/test-upload-charm/.tox/integration/lib/python3.12/site-packages/_pytest/capture.py\", line 900, in pytest_runtest_call\n    return (yield)\n            ^^^^^\n  File \"/home/ubuntu/actions-runner/_work/operator-workflows/operator-workflows/tests/workflows/integration/test-upload-charm/.tox/integration/lib/python3.12/site-packages/pluggy/_callers.py\", line 139, in _multicall\n    teardown.throw(exception)\n  File \"/home/ubuntu/actions-runner/_work/operator-workflows/operator-workflows/tests/workflows/integration/test-upload-charm/.tox/integration/lib/python3.12/site-packages/_pytest/skipping.py\", line 263, in pytest_runtest_call\n    return (yield)\n            ^^^^^\n  File \"/home/ubuntu/actions-runner/_work/operator-workflows/operator-workflows/tests/workflows/integration/test-upload-charm/.tox/integration/lib/python3.12/site-packages/pluggy/_callers.py\", line 121, in _multicall\n    res = hook_impl.function(*args)\n          ^^^^^^^^^^^^^^^^^^^^^^^^^\n  File \"/home/ubuntu/actions-runner/_work/operator-workflows/operator-workflows/tests/workflows/integration/test-upload-charm/.tox/integration/lib/python3.12/site-packages/_pytest/runner.py\", line 178, in pytest_runtest_call\n    item.runtest()\n  File \"/home/ubuntu/actions-runner/_work/operator-workflows/operator-workflows/tests/workflows/integration/test-upload-charm/.tox/integration/lib/python3.12/site-packages/_pytest/python.py\", line 1671, in runtest\n    self.ihook.pytest_pyfunc_call(pyfuncitem=self)\n  File \"/home/ubuntu/actions-runner/_work/operator-workflows/operator-workflows/tests/workflows/integration/test-upload-charm/.tox/integration/lib/python3.12/site-packages/pluggy/_hooks.py\", line 512, in __call__\n    return self._hookexec(self.name, self._hookimpls.copy(), kwargs, firstresult)\n           ^^^^^^^^^^^^^^^^^^^^^^^^^^^^^^^^^^^^^^^^^^^^^^^^^^^^^^^^^^^^^^^^^^^^^^\n  File \"/home/ubuntu/actions-runner/_work/operator-workflows/operator-workflows/tests/workflows/integration/test-upload-charm/.tox/integration/lib/python3.12/site-packages/pluggy/_manager.py\", line 120, in _hookexec\n    return self._inner_hookexec(hook_name, methods, kwargs, firstresult)\n           ^^^^^^^^^^^^^^^^^^^^^^^^^^^^^^^^^^^^^^^^^^^^^^^^^^^^^^^^^^^^^\n  File \"/home/ubuntu/actions-runner/_work/operator-workflows/operator-workflows/tests/workflows/integration/test-upload-charm/.tox/integration/lib/python3.12/site-packages/pluggy/_callers.py\", line 167, in _multicall\n    raise exception\n  File \"/home/ubuntu/actions-runner/_work/operator-workflows/operator-workflows/tests/workflows/integration/test-upload-charm/.tox/integration/lib/python3.12/site-packages/pluggy/_callers.py\", line 139, in _multicall\n    teardown.throw(exception)\n  File \"/home/ubuntu/actions-runner/_work/operator-workflows/operator-workflows/tests/workflows/integration/test-upload-charm/.tox/integration/lib/python3.12/site-packages/pluggy/_callers.py\", line 53, in run_old_style_hookwrapper\n    return result.get_result()\n           ^^^^^^^^^^^^^^^^^^^\n  File \"/home/ubuntu/actions-runner/_work/operator-workflows/operator-workflows/tests/workflows/integration/test-upload-charm/.tox/integration/lib/python3.12/site-packages/pluggy/_result.py\", line 103, in get_result\n    raise exc.with_traceback(tb)\n  File \"/home/ubuntu/actions-runner/_work/operator-workflows/operator-workflows/tests/workflows/integration/test-upload-charm/.tox/integration/lib/python3.12/site-packages/pluggy/_callers.py\", line 38, in run_old_style_hookwrapper\n    res = yield\n          ^^^^^\n  File \"/home/ubuntu/actions-runner/_work/operator-workflows/operator-workflows/tests/workflows/integration/test-upload-charm/.tox/integration/lib/python3.12/site-packages/pluggy/_callers.py\", line 121, in _multicall\n    res = hook_impl.function(*args)\n          ^^^^^^^^^^^^^^^^^^^^^^^^^\n  File \"/home/ubuntu/actions-runner/_work/operator-workflows/operator-workflows/tests/workflows/integration/test-upload-charm/.tox/integration/lib/python3.12/site-packages/_pytest/python.py\", line 157, in pytest_pyfunc_call\n    result = testfunction(**testargs)\n             ^^^^^^^^^^^^^^^^^^^^^^^^\n  File \"/home/ubuntu/actions-runner/_work/operator-workflows/operator-workflows/tests/workflows/integration/test-upload-charm/.tox/integration/lib/python3.12/site-packages/pytest_asyncio/plugin.py\", line 529, in inner\n    _loop.run_until_complete(task)\n  File \"/usr/lib/python3.12/asyncio/base_events.py\", line 687, in run_until_complete\n    return future.result()\n           ^^^^^^^^^^^^^^^\n  File \"/home/ubuntu/actions-runner/_work/operator-workflows/operator-workflows/tests/workflows/integration/test-upload-charm/tests/integration/test_charm.py\", line 25, in test_build_and_deploy\n    await asyncio.gather(\n  File \"/home/ubuntu/actions-runner/_work/operator-workflows/operator-workflows/tests/workflows/integration/test-upload-charm/.tox/integration/lib/python3.12/site-packages/juju/model.py\", line 1728, in deploy\n    base = utils.get_local_charm_base(charm_series, charm_dir, client.Base)\n           ^^^^^^^^^^^^^^^^^^^^^^^^^^^^^^^^^^^^^^^^^^^^^^^^^^^^^^^^^^^^^^^^\n  File \"/home/ubuntu/actions-runner/_work/operator-workflows/operator-workflows/tests/workflows/integration/test-upload-charm/.tox/integration/lib/python3.12/site-packages/juju/utils.py\", line 356, in get_local_charm_base\n    channel_for_base = get_series_version(series) if series else ''\n                       ^^^^^^^^^^^^^^^^^^^^^^^^^^\n  File \"/home/ubuntu/actions-runner/_work/operator-workflows/operator-workflows/tests/workflows/integration/test-upload-charm/.tox/integration/lib/python3.12/site-packages/juju/utils.py\", line 331, in get_series_version\n    raise errors.JujuError(\"Unknown series : %s\", series_name)\njuju.errors.JujuError: ('Unknown series : %s', 'noble')","flaky":false,"newFailed":false,"newBroken":true,"newPassed":false,"retriesCount":11,"retriesStatusChange":true,"beforeStages":[{"name":"event_loop","time":{"start":1756805269971,"stop":1756805269971,"duration":0},"status":"passed","steps":[],"attachments":[],"parameters":[],"shouldDisplayMessage":false,"stepsCount":0,"attachmentsCount":0,"hasContent":false,"attachmentStep":false},{"name":"ops_test","time":{"start":1756805269972,"stop":1756805270129,"duration":157},"status":"passed","steps":[],"attachments":[],"parameters":[],"shouldDisplayMessage":false,"stepsCount":0,"attachmentsCount":0,"hasContent":false,"attachmentStep":false},{"name":"pytestconfig","time":{"start":1756805269972,"stop":1756805269972,"duration":0},"status":"passed","steps":[],"attachments":[],"parameters":[],"shouldDisplayMessage":false,"stepsCount":0,"attachmentsCount":0,"hasContent":false,"attachmentStep":false},{"name":"tmp_path_factory","time":{"start":1756805269972,"stop":1756805269972,"duration":0},"status":"passed","steps":[],"attachments":[],"parameters":[],"shouldDisplayMessage":false,"stepsCount":0,"attachmentsCount":0,"hasContent":false,"attachmentStep":false},{"name":"abort_on_fail","time":{"start":1756805270129,"stop":1756805270129,"duration":0},"status":"passed","steps":[],"attachments":[],"parameters":[],"shouldDisplayMessage":false,"stepsCount":0,"attachmentsCount":0,"hasContent":false,"attachmentStep":false}],"testStage":{"description":"Build the charm-under-test and deploy it together with related charms.\n\n    Assert on the unit status before any relations/configurations take place.\n    ","status":"broken","statusMessage":"juju.errors.JujuError: ('Unknown series : %s', 'noble')","statusTrace":"Traceback (most recent call last):\n  File \"/home/ubuntu/actions-runner/_work/operator-workflows/operator-workflows/tests/workflows/integration/test-upload-charm/.tox/integration/lib/python3.12/site-packages/_pytest/runner.py\", line 344, in from_call\n    result: TResult | None = func()\n                             ^^^^^^\n  File \"/home/ubuntu/actions-runner/_work/operator-workflows/operator-workflows/tests/workflows/integration/test-upload-charm/.tox/integration/lib/python3.12/site-packages/_pytest/runner.py\", line 246, in <lambda>\n    lambda: runtest_hook(item=item, **kwds), when=when, reraise=reraise\n            ^^^^^^^^^^^^^^^^^^^^^^^^^^^^^^^\n  File \"/home/ubuntu/actions-runner/_work/operator-workflows/operator-workflows/tests/workflows/integration/test-upload-charm/.tox/integration/lib/python3.12/site-packages/pluggy/_hooks.py\", line 512, in __call__\n    return self._hookexec(self.name, self._hookimpls.copy(), kwargs, firstresult)\n           ^^^^^^^^^^^^^^^^^^^^^^^^^^^^^^^^^^^^^^^^^^^^^^^^^^^^^^^^^^^^^^^^^^^^^^\n  File \"/home/ubuntu/actions-runner/_work/operator-workflows/operator-workflows/tests/workflows/integration/test-upload-charm/.tox/integration/lib/python3.12/site-packages/pluggy/_manager.py\", line 120, in _hookexec\n    return self._inner_hookexec(hook_name, methods, kwargs, firstresult)\n           ^^^^^^^^^^^^^^^^^^^^^^^^^^^^^^^^^^^^^^^^^^^^^^^^^^^^^^^^^^^^^\n  File \"/home/ubuntu/actions-runner/_work/operator-workflows/operator-workflows/tests/workflows/integration/test-upload-charm/.tox/integration/lib/python3.12/site-packages/pluggy/_callers.py\", line 167, in _multicall\n    raise exception\n  File \"/home/ubuntu/actions-runner/_work/operator-workflows/operator-workflows/tests/workflows/integration/test-upload-charm/.tox/integration/lib/python3.12/site-packages/pluggy/_callers.py\", line 139, in _multicall\n    teardown.throw(exception)\n  File \"/home/ubuntu/actions-runner/_work/operator-workflows/operator-workflows/tests/workflows/integration/test-upload-charm/.tox/integration/lib/python3.12/site-packages/_pytest/logging.py\", line 850, in pytest_runtest_call\n    yield\n  File \"/home/ubuntu/actions-runner/_work/operator-workflows/operator-workflows/tests/workflows/integration/test-upload-charm/.tox/integration/lib/python3.12/site-packages/pluggy/_callers.py\", line 139, in _multicall\n    teardown.throw(exception)\n  File \"/home/ubuntu/actions-runner/_work/operator-workflows/operator-workflows/tests/workflows/integration/test-upload-charm/.tox/integration/lib/python3.12/site-packages/pluggy/_callers.py\", line 53, in run_old_style_hookwrapper\n    return result.get_result()\n           ^^^^^^^^^^^^^^^^^^^\n  File \"/home/ubuntu/actions-runner/_work/operator-workflows/operator-workflows/tests/workflows/integration/test-upload-charm/.tox/integration/lib/python3.12/site-packages/pluggy/_result.py\", line 103, in get_result\n    raise exc.with_traceback(tb)\n  File \"/home/ubuntu/actions-runner/_work/operator-workflows/operator-workflows/tests/workflows/integration/test-upload-charm/.tox/integration/lib/python3.12/site-packages/pluggy/_callers.py\", line 38, in run_old_style_hookwrapper\n    res = yield\n          ^^^^^\n  File \"/home/ubuntu/actions-runner/_work/operator-workflows/operator-workflows/tests/workflows/integration/test-upload-charm/.tox/integration/lib/python3.12/site-packages/pluggy/_callers.py\", line 139, in _multicall\n    teardown.throw(exception)\n  File \"/home/ubuntu/actions-runner/_work/operator-workflows/operator-workflows/tests/workflows/integration/test-upload-charm/.tox/integration/lib/python3.12/site-packages/_pytest/capture.py\", line 900, in pytest_runtest_call\n    return (yield)\n            ^^^^^\n  File \"/home/ubuntu/actions-runner/_work/operator-workflows/operator-workflows/tests/workflows/integration/test-upload-charm/.tox/integration/lib/python3.12/site-packages/pluggy/_callers.py\", line 139, in _multicall\n    teardown.throw(exception)\n  File \"/home/ubuntu/actions-runner/_work/operator-workflows/operator-workflows/tests/workflows/integration/test-upload-charm/.tox/integration/lib/python3.12/site-packages/_pytest/skipping.py\", line 263, in pytest_runtest_call\n    return (yield)\n            ^^^^^\n  File \"/home/ubuntu/actions-runner/_work/operator-workflows/operator-workflows/tests/workflows/integration/test-upload-charm/.tox/integration/lib/python3.12/site-packages/pluggy/_callers.py\", line 121, in _multicall\n    res = hook_impl.function(*args)\n          ^^^^^^^^^^^^^^^^^^^^^^^^^\n  File \"/home/ubuntu/actions-runner/_work/operator-workflows/operator-workflows/tests/workflows/integration/test-upload-charm/.tox/integration/lib/python3.12/site-packages/_pytest/runner.py\", line 178, in pytest_runtest_call\n    item.runtest()\n  File \"/home/ubuntu/actions-runner/_work/operator-workflows/operator-workflows/tests/workflows/integration/test-upload-charm/.tox/integration/lib/python3.12/site-packages/_pytest/python.py\", line 1671, in runtest\n    self.ihook.pytest_pyfunc_call(pyfuncitem=self)\n  File \"/home/ubuntu/actions-runner/_work/operator-workflows/operator-workflows/tests/workflows/integration/test-upload-charm/.tox/integration/lib/python3.12/site-packages/pluggy/_hooks.py\", line 512, in __call__\n    return self._hookexec(self.name, self._hookimpls.copy(), kwargs, firstresult)\n           ^^^^^^^^^^^^^^^^^^^^^^^^^^^^^^^^^^^^^^^^^^^^^^^^^^^^^^^^^^^^^^^^^^^^^^\n  File \"/home/ubuntu/actions-runner/_work/operator-workflows/operator-workflows/tests/workflows/integration/test-upload-charm/.tox/integration/lib/python3.12/site-packages/pluggy/_manager.py\", line 120, in _hookexec\n    return self._inner_hookexec(hook_name, methods, kwargs, firstresult)\n           ^^^^^^^^^^^^^^^^^^^^^^^^^^^^^^^^^^^^^^^^^^^^^^^^^^^^^^^^^^^^^\n  File \"/home/ubuntu/actions-runner/_work/operator-workflows/operator-workflows/tests/workflows/integration/test-upload-charm/.tox/integration/lib/python3.12/site-packages/pluggy/_callers.py\", line 167, in _multicall\n    raise exception\n  File \"/home/ubuntu/actions-runner/_work/operator-workflows/operator-workflows/tests/workflows/integration/test-upload-charm/.tox/integration/lib/python3.12/site-packages/pluggy/_callers.py\", line 139, in _multicall\n    teardown.throw(exception)\n  File \"/home/ubuntu/actions-runner/_work/operator-workflows/operator-workflows/tests/workflows/integration/test-upload-charm/.tox/integration/lib/python3.12/site-packages/pluggy/_callers.py\", line 53, in run_old_style_hookwrapper\n    return result.get_result()\n           ^^^^^^^^^^^^^^^^^^^\n  File \"/home/ubuntu/actions-runner/_work/operator-workflows/operator-workflows/tests/workflows/integration/test-upload-charm/.tox/integration/lib/python3.12/site-packages/pluggy/_result.py\", line 103, in get_result\n    raise exc.with_traceback(tb)\n  File \"/home/ubuntu/actions-runner/_work/operator-workflows/operator-workflows/tests/workflows/integration/test-upload-charm/.tox/integration/lib/python3.12/site-packages/pluggy/_callers.py\", line 38, in run_old_style_hookwrapper\n    res = yield\n          ^^^^^\n  File \"/home/ubuntu/actions-runner/_work/operator-workflows/operator-workflows/tests/workflows/integration/test-upload-charm/.tox/integration/lib/python3.12/site-packages/pluggy/_callers.py\", line 121, in _multicall\n    res = hook_impl.function(*args)\n          ^^^^^^^^^^^^^^^^^^^^^^^^^\n  File \"/home/ubuntu/actions-runner/_work/operator-workflows/operator-workflows/tests/workflows/integration/test-upload-charm/.tox/integration/lib/python3.12/site-packages/_pytest/python.py\", line 157, in pytest_pyfunc_call\n    result = testfunction(**testargs)\n             ^^^^^^^^^^^^^^^^^^^^^^^^\n  File \"/home/ubuntu/actions-runner/_work/operator-workflows/operator-workflows/tests/workflows/integration/test-upload-charm/.tox/integration/lib/python3.12/site-packages/pytest_asyncio/plugin.py\", line 529, in inner\n    _loop.run_until_complete(task)\n  File \"/usr/lib/python3.12/asyncio/base_events.py\", line 687, in run_until_complete\n    return future.result()\n           ^^^^^^^^^^^^^^^\n  File \"/home/ubuntu/actions-runner/_work/operator-workflows/operator-workflows/tests/workflows/integration/test-upload-charm/tests/integration/test_charm.py\", line 25, in test_build_and_deploy\n    await asyncio.gather(\n  File \"/home/ubuntu/actions-runner/_work/operator-workflows/operator-workflows/tests/workflows/integration/test-upload-charm/.tox/integration/lib/python3.12/site-packages/juju/model.py\", line 1728, in deploy\n    base = utils.get_local_charm_base(charm_series, charm_dir, client.Base)\n           ^^^^^^^^^^^^^^^^^^^^^^^^^^^^^^^^^^^^^^^^^^^^^^^^^^^^^^^^^^^^^^^^\n  File \"/home/ubuntu/actions-runner/_work/operator-workflows/operator-workflows/tests/workflows/integration/test-upload-charm/.tox/integration/lib/python3.12/site-packages/juju/utils.py\", line 356, in get_local_charm_base\n    channel_for_base = get_series_version(series) if series else ''\n                       ^^^^^^^^^^^^^^^^^^^^^^^^^^\n  File \"/home/ubuntu/actions-runner/_work/operator-workflows/operator-workflows/tests/workflows/integration/test-upload-charm/.tox/integration/lib/python3.12/site-packages/juju/utils.py\", line 331, in get_series_version\n    raise errors.JujuError(\"Unknown series : %s\", series_name)\njuju.errors.JujuError: ('Unknown series : %s', 'noble')","steps":[],"attachments":[{"uid":"84b9143fc58fc1d1","name":"log","source":"84b9143fc58fc1d1.txt","type":"text/plain","size":617}],"parameters":[],"shouldDisplayMessage":true,"stepsCount":0,"attachmentsCount":1,"hasContent":true,"attachmentStep":false},"afterStages":[{"name":"abort_on_fail::0","time":{"start":1756805270145,"stop":1756805270145,"duration":0},"status":"passed","steps":[],"attachments":[],"parameters":[],"shouldDisplayMessage":false,"stepsCount":0,"attachmentsCount":0,"hasContent":false,"attachmentStep":false},{"name":"ops_test::finalizer","time":{"start":1756805270146,"stop":1756805272487,"duration":2341},"status":"passed","steps":[],"attachments":[],"parameters":[],"shouldDisplayMessage":false,"stepsCount":0,"attachmentsCount":0,"hasContent":false,"attachmentStep":false},{"name":"event_loop::2","time":{"start":1756805272488,"stop":1756805272488,"duration":0},"status":"passed","steps":[],"attachments":[],"parameters":[],"shouldDisplayMessage":false,"stepsCount":0,"attachmentsCount":0,"hasContent":false,"attachmentStep":false},{"name":"event_loop::_close_event_loop","time":{"start":1756805272488,"stop":1756805272488,"duration":0},"status":"passed","steps":[],"attachments":[],"parameters":[],"shouldDisplayMessage":false,"stepsCount":0,"attachmentsCount":0,"hasContent":false,"attachmentStep":false},{"name":"event_loop::_provide_clean_event_loop","time":{"start":1756805272488,"stop":1756805272488,"duration":0},"status":"passed","steps":[],"attachments":[],"parameters":[],"shouldDisplayMessage":false,"stepsCount":0,"attachmentsCount":0,"hasContent":false,"attachmentStep":false}],"labels":[{"name":"tag","value":"asyncio"},{"name":"parentSuite","value":"tests.integration"},{"name":"suite","value":"test_charm"},{"name":"host","value":"github-runner"},{"name":"thread","value":"22710-MainThread"},{"name":"framework","value":"pytest"},{"name":"language","value":"cpython3"},{"name":"package","value":"tests.integration.test_charm"},{"name":"resultFormat","value":"allure2"}],"parameters":[],"links":[],"hidden":false,"retry":false,"extra":{"severity":"normal","retries":[{"uid":"f56a1574c65d6e25","status":"broken","statusDetails":"juju.errors.JujuError: ('Unknown series : %s', 'noble')","time":{"start":1756801413479,"stop":1756801413501,"duration":22}},{"uid":"9fa671055347790f","status":"broken","statusDetails":"juju.errors.JujuError: ('Unknown series : %s', 'noble')","time":{"start":1756801283313,"stop":1756801283331,"duration":18}},{"uid":"495ebb122df82c47","status":"broken","statusDetails":"juju.errors.JujuError: ('Unknown series : %s', 'noble')","time":{"start":1756801179274,"stop":1756801179295,"duration":21}},{"uid":"920c5b88143a4023","status":"broken","statusDetails":"juju.errors.JujuError: ('Unknown series : %s', 'noble')","time":{"start":1756801059043,"stop":1756801059059,"duration":16}},{"uid":"53fe8a0c716831a","status":"broken","statusDetails":"juju.errors.JujuError: ('Unknown series : %s', 'noble')","time":{"start":1756800929645,"stop":1756800929664,"duration":19}},{"uid":"10adb8c2186ee28a","status":"unknown","time":{}},{"uid":"e2623b7cbe05d248","status":"unknown","time":{}},{"uid":"b8c512265a71a1c8","status":"unknown","time":{}},{"uid":"eb82416ab6908311","status":"unknown","time":{}},{"uid":"ff62fe0169477297","status":"unknown","time":{}},{"uid":"d18c21c765c2efbe","status":"unknown","time":{}}],"categories":[{"name":"Test defects","matchedStatuses":[]}],"history":{"statistic":{"failed":2,"broken":3,"skipped":0,"passed":848,"unknown":1,"total":854},"items":[{"uid":"3c2b7e9d4fc49105","reportUrl":"../3075//#testresult/3c2b7e9d4fc49105","status":"passed","time":{"start":1756746838567,"stop":1756746872788,"duration":34221}},{"uid":"5636c99f47473fdf","reportUrl":"../3074//#testresult/5636c99f47473fdf","status":"passed","time":{"start":1756722791717,"stop":1756722825201,"duration":33484}},{"uid":"92f3cccd2d5f9bae","reportUrl":"../3073//#testresult/92f3cccd2d5f9bae","status":"passed","time":{"start":1756705199792,"stop":1756705227840,"duration":28048}},{"uid":"3d066f0951cac2b8","reportUrl":"../3071//#testresult/3d066f0951cac2b8","status":"passed","time":{"start":1756704348418,"stop":1756704376470,"duration":28052}},{"uid":"c94e139deafa83cf","reportUrl":"../3072//#testresult/c94e139deafa83cf","status":"passed","time":{"start":1756704274212,"stop":1756704302261,"duration":28049}},{"uid":"887e0472bb82bab8","reportUrl":"../3070//#testresult/887e0472bb82bab8","status":"passed","time":{"start":1756466991327,"stop":1756467032749,"duration":41422}},{"uid":"f31817d54ce53eca","reportUrl":"../3069//#testresult/f31817d54ce53eca","status":"passed","time":{"start":1756464715430,"stop":1756464743483,"duration":28053}},{"uid":"b1564c6d5a949d44","reportUrl":"../3068//#testresult/b1564c6d5a949d44","status":"passed","time":{"start":1756464655886,"stop":1756464690628,"duration":34742}},{"uid":"97e86c7431762a89","reportUrl":"../3067//#testresult/97e86c7431762a89","status":"passed","time":{"start":1756463835008,"stop":1756463870300,"duration":35292}},{"uid":"daba7df9a36bc160","reportUrl":"../3066//#testresult/daba7df9a36bc160","status":"passed","time":{"start":1756463776784,"stop":1756463804829,"duration":28045}},{"uid":"a103e6be120ddb0e","reportUrl":"../3064//#testresult/a103e6be120ddb0e","status":"passed","time":{"start":1756367635686,"stop":1756367667007,"duration":31321}},{"uid":"fcc1ce305d83156d","reportUrl":"../3065//#testresult/fcc1ce305d83156d","status":"passed","time":{"start":1756367573681,"stop":1756367606550,"duration":32869}},{"uid":"33a239caa7a23b63","reportUrl":"../3063//#testresult/33a239caa7a23b63","status":"passed","time":{"start":1756365358852,"stop":1756365385902,"duration":27050}},{"uid":"b3c6b9a825b5c811","reportUrl":"../3062//#testresult/b3c6b9a825b5c811","status":"passed","time":{"start":1756365306372,"stop":1756365341649,"duration":35277}},{"uid":"fb476cb21915c54d","reportUrl":"../3061//#testresult/fb476cb21915c54d","status":"passed","time":{"start":1756354140427,"stop":1756354173672,"duration":33245}},{"uid":"ce3d5396e35b2ca7","reportUrl":"../3060//#testresult/ce3d5396e35b2ca7","status":"passed","time":{"start":1756333136045,"stop":1756333164092,"duration":28047}},{"uid":"ea3faa1c6c661c66","reportUrl":"../3059//#testresult/ea3faa1c6c661c66","status":"passed","time":{"start":1756308496540,"stop":1756308524591,"duration":28051}},{"uid":"1507a87192f5d00a","reportUrl":"../3058//#testresult/1507a87192f5d00a","status":"passed","time":{"start":1756305072263,"stop":1756305105128,"duration":32865}},{"uid":"5c800c63a28bf59f","reportUrl":"../3057//#testresult/5c800c63a28bf59f","status":"passed","time":{"start":1756304681683,"stop":1756304713051,"duration":31368}},{"uid":"d2f2e532886d78f2","reportUrl":"../3056//#testresult/d2f2e532886d78f2","status":"passed","time":{"start":1756283023200,"stop":1756283058513,"duration":35313}}]},"tags":["asyncio"]},"source":"4e7209de4b15c859.json","parameterValues":[]}