{"uid":"53fe8a0c716831a","name":"test_build_and_deploy","fullName":"tests.integration.test_charm#test_build_and_deploy","historyId":"6e6e907ed99cb080c4e76760513358b7","time":{"start":1756800929645,"stop":1756800929664,"duration":19},"description":"Build the charm-under-test and deploy it together with related charms.\n\n    Assert on the unit status before any relations/configurations take place.\n    ","descriptionHtml":"<p>Build the charm-under-test and deploy it together with related charms.</p>\n<pre><code>Assert on the unit status before any relations/configurations take place.\n</code></pre>\n","status":"broken","statusMessage":"juju.errors.JujuError: ('Unknown series : %s', 'noble')","statusTrace":"Traceback (most recent call last):\n  File \"/home/runner/work/operator-workflows/operator-workflows/tests/workflows/integration/test-upload-charm/.tox/integration/lib/python3.10/site-packages/_pytest/runner.py\", line 344, in from_call\n    result: TResult | None = func()\n  File \"/home/runner/work/operator-workflows/operator-workflows/tests/workflows/integration/test-upload-charm/.tox/integration/lib/python3.10/site-packages/_pytest/runner.py\", line 246, in <lambda>\n    lambda: runtest_hook(item=item, **kwds), when=when, reraise=reraise\n  File \"/home/runner/work/operator-workflows/operator-workflows/tests/workflows/integration/test-upload-charm/.tox/integration/lib/python3.10/site-packages/pluggy/_hooks.py\", line 512, in __call__\n    return self._hookexec(self.name, self._hookimpls.copy(), kwargs, firstresult)\n  File \"/home/runner/work/operator-workflows/operator-workflows/tests/workflows/integration/test-upload-charm/.tox/integration/lib/python3.10/site-packages/pluggy/_manager.py\", line 120, in _hookexec\n    return self._inner_hookexec(hook_name, methods, kwargs, firstresult)\n  File \"/home/runner/work/operator-workflows/operator-workflows/tests/workflows/integration/test-upload-charm/.tox/integration/lib/python3.10/site-packages/pluggy/_callers.py\", line 167, in _multicall\n    raise exception\n  File \"/home/runner/work/operator-workflows/operator-workflows/tests/workflows/integration/test-upload-charm/.tox/integration/lib/python3.10/site-packages/pluggy/_callers.py\", line 139, in _multicall\n    teardown.throw(exception)\n  File \"/home/runner/work/operator-workflows/operator-workflows/tests/workflows/integration/test-upload-charm/.tox/integration/lib/python3.10/site-packages/_pytest/logging.py\", line 850, in pytest_runtest_call\n    yield\n  File \"/home/runner/work/operator-workflows/operator-workflows/tests/workflows/integration/test-upload-charm/.tox/integration/lib/python3.10/site-packages/pluggy/_callers.py\", line 139, in _multicall\n    teardown.throw(exception)\n  File \"/home/runner/work/operator-workflows/operator-workflows/tests/workflows/integration/test-upload-charm/.tox/integration/lib/python3.10/site-packages/pluggy/_callers.py\", line 53, in run_old_style_hookwrapper\n    return result.get_result()\n  File \"/home/runner/work/operator-workflows/operator-workflows/tests/workflows/integration/test-upload-charm/.tox/integration/lib/python3.10/site-packages/pluggy/_result.py\", line 103, in get_result\n    raise exc.with_traceback(tb)\n  File \"/home/runner/work/operator-workflows/operator-workflows/tests/workflows/integration/test-upload-charm/.tox/integration/lib/python3.10/site-packages/pluggy/_callers.py\", line 38, in run_old_style_hookwrapper\n    res = yield\n  File \"/home/runner/work/operator-workflows/operator-workflows/tests/workflows/integration/test-upload-charm/.tox/integration/lib/python3.10/site-packages/pluggy/_callers.py\", line 139, in _multicall\n    teardown.throw(exception)\n  File \"/home/runner/work/operator-workflows/operator-workflows/tests/workflows/integration/test-upload-charm/.tox/integration/lib/python3.10/site-packages/_pytest/capture.py\", line 900, in pytest_runtest_call\n    return (yield)\n  File \"/home/runner/work/operator-workflows/operator-workflows/tests/workflows/integration/test-upload-charm/.tox/integration/lib/python3.10/site-packages/pluggy/_callers.py\", line 139, in _multicall\n    teardown.throw(exception)\n  File \"/home/runner/work/operator-workflows/operator-workflows/tests/workflows/integration/test-upload-charm/.tox/integration/lib/python3.10/site-packages/_pytest/skipping.py\", line 263, in pytest_runtest_call\n    return (yield)\n  File \"/home/runner/work/operator-workflows/operator-workflows/tests/workflows/integration/test-upload-charm/.tox/integration/lib/python3.10/site-packages/pluggy/_callers.py\", line 121, in _multicall\n    res = hook_impl.function(*args)\n  File \"/home/runner/work/operator-workflows/operator-workflows/tests/workflows/integration/test-upload-charm/.tox/integration/lib/python3.10/site-packages/_pytest/runner.py\", line 178, in pytest_runtest_call\n    item.runtest()\n  File \"/home/runner/work/operator-workflows/operator-workflows/tests/workflows/integration/test-upload-charm/.tox/integration/lib/python3.10/site-packages/_pytest/python.py\", line 1671, in runtest\n    self.ihook.pytest_pyfunc_call(pyfuncitem=self)\n  File \"/home/runner/work/operator-workflows/operator-workflows/tests/workflows/integration/test-upload-charm/.tox/integration/lib/python3.10/site-packages/pluggy/_hooks.py\", line 512, in __call__\n    return self._hookexec(self.name, self._hookimpls.copy(), kwargs, firstresult)\n  File \"/home/runner/work/operator-workflows/operator-workflows/tests/workflows/integration/test-upload-charm/.tox/integration/lib/python3.10/site-packages/pluggy/_manager.py\", line 120, in _hookexec\n    return self._inner_hookexec(hook_name, methods, kwargs, firstresult)\n  File \"/home/runner/work/operator-workflows/operator-workflows/tests/workflows/integration/test-upload-charm/.tox/integration/lib/python3.10/site-packages/pluggy/_callers.py\", line 167, in _multicall\n    raise exception\n  File \"/home/runner/work/operator-workflows/operator-workflows/tests/workflows/integration/test-upload-charm/.tox/integration/lib/python3.10/site-packages/pluggy/_callers.py\", line 139, in _multicall\n    teardown.throw(exception)\n  File \"/home/runner/work/operator-workflows/operator-workflows/tests/workflows/integration/test-upload-charm/.tox/integration/lib/python3.10/site-packages/pluggy/_callers.py\", line 53, in run_old_style_hookwrapper\n    return result.get_result()\n  File \"/home/runner/work/operator-workflows/operator-workflows/tests/workflows/integration/test-upload-charm/.tox/integration/lib/python3.10/site-packages/pluggy/_result.py\", line 103, in get_result\n    raise exc.with_traceback(tb)\n  File \"/home/runner/work/operator-workflows/operator-workflows/tests/workflows/integration/test-upload-charm/.tox/integration/lib/python3.10/site-packages/pluggy/_callers.py\", line 38, in run_old_style_hookwrapper\n    res = yield\n  File \"/home/runner/work/operator-workflows/operator-workflows/tests/workflows/integration/test-upload-charm/.tox/integration/lib/python3.10/site-packages/pluggy/_callers.py\", line 121, in _multicall\n    res = hook_impl.function(*args)\n  File \"/home/runner/work/operator-workflows/operator-workflows/tests/workflows/integration/test-upload-charm/.tox/integration/lib/python3.10/site-packages/_pytest/python.py\", line 157, in pytest_pyfunc_call\n    result = testfunction(**testargs)\n  File \"/home/runner/work/operator-workflows/operator-workflows/tests/workflows/integration/test-upload-charm/.tox/integration/lib/python3.10/site-packages/pytest_asyncio/plugin.py\", line 529, in inner\n    _loop.run_until_complete(task)\n  File \"/usr/lib/python3.10/asyncio/base_events.py\", line 649, in run_until_complete\n    return future.result()\n  File \"/home/runner/work/operator-workflows/operator-workflows/tests/workflows/integration/test-upload-charm/tests/integration/test_charm.py\", line 25, in test_build_and_deploy\n    await asyncio.gather(\n  File \"/home/runner/work/operator-workflows/operator-workflows/tests/workflows/integration/test-upload-charm/.tox/integration/lib/python3.10/site-packages/juju/model.py\", line 1728, in deploy\n    base = utils.get_local_charm_base(charm_series, charm_dir, client.Base)\n  File \"/home/runner/work/operator-workflows/operator-workflows/tests/workflows/integration/test-upload-charm/.tox/integration/lib/python3.10/site-packages/juju/utils.py\", line 356, in get_local_charm_base\n    channel_for_base = get_series_version(series) if series else ''\n  File \"/home/runner/work/operator-workflows/operator-workflows/tests/workflows/integration/test-upload-charm/.tox/integration/lib/python3.10/site-packages/juju/utils.py\", line 331, in get_series_version\n    raise errors.JujuError(\"Unknown series : %s\", series_name)\njuju.errors.JujuError: ('Unknown series : %s', 'noble')","flaky":false,"newFailed":false,"newBroken":false,"newPassed":false,"retriesCount":0,"retriesStatusChange":false,"beforeStages":[{"name":"event_loop","time":{"start":1756800929444,"stop":1756800929444,"duration":0},"status":"passed","steps":[],"attachments":[],"parameters":[],"shouldDisplayMessage":false,"stepsCount":0,"attachmentsCount":0,"hasContent":false,"attachmentStep":false},{"name":"tmp_path_factory","time":{"start":1756800929445,"stop":1756800929445,"duration":0},"status":"passed","steps":[],"attachments":[],"parameters":[],"shouldDisplayMessage":false,"stepsCount":0,"attachmentsCount":0,"hasContent":false,"attachmentStep":false},{"name":"ops_test","time":{"start":1756800929445,"stop":1756800929644,"duration":199},"status":"passed","steps":[],"attachments":[],"parameters":[],"shouldDisplayMessage":false,"stepsCount":0,"attachmentsCount":0,"hasContent":false,"attachmentStep":false},{"name":"pytestconfig","time":{"start":1756800929445,"stop":1756800929445,"duration":0},"status":"passed","steps":[],"attachments":[],"parameters":[],"shouldDisplayMessage":false,"stepsCount":0,"attachmentsCount":0,"hasContent":false,"attachmentStep":false},{"name":"abort_on_fail","time":{"start":1756800929644,"stop":1756800929644,"duration":0},"status":"passed","steps":[],"attachments":[],"parameters":[],"shouldDisplayMessage":false,"stepsCount":0,"attachmentsCount":0,"hasContent":false,"attachmentStep":false}],"testStage":{"description":"Build the charm-under-test and deploy it together with related charms.\n\n    Assert on the unit status before any relations/configurations take place.\n    ","status":"broken","statusMessage":"juju.errors.JujuError: ('Unknown series : %s', 'noble')","statusTrace":"Traceback (most recent call last):\n  File \"/home/runner/work/operator-workflows/operator-workflows/tests/workflows/integration/test-upload-charm/.tox/integration/lib/python3.10/site-packages/_pytest/runner.py\", line 344, in from_call\n    result: TResult | None = func()\n  File \"/home/runner/work/operator-workflows/operator-workflows/tests/workflows/integration/test-upload-charm/.tox/integration/lib/python3.10/site-packages/_pytest/runner.py\", line 246, in <lambda>\n    lambda: runtest_hook(item=item, **kwds), when=when, reraise=reraise\n  File \"/home/runner/work/operator-workflows/operator-workflows/tests/workflows/integration/test-upload-charm/.tox/integration/lib/python3.10/site-packages/pluggy/_hooks.py\", line 512, in __call__\n    return self._hookexec(self.name, self._hookimpls.copy(), kwargs, firstresult)\n  File \"/home/runner/work/operator-workflows/operator-workflows/tests/workflows/integration/test-upload-charm/.tox/integration/lib/python3.10/site-packages/pluggy/_manager.py\", line 120, in _hookexec\n    return self._inner_hookexec(hook_name, methods, kwargs, firstresult)\n  File \"/home/runner/work/operator-workflows/operator-workflows/tests/workflows/integration/test-upload-charm/.tox/integration/lib/python3.10/site-packages/pluggy/_callers.py\", line 167, in _multicall\n    raise exception\n  File \"/home/runner/work/operator-workflows/operator-workflows/tests/workflows/integration/test-upload-charm/.tox/integration/lib/python3.10/site-packages/pluggy/_callers.py\", line 139, in _multicall\n    teardown.throw(exception)\n  File \"/home/runner/work/operator-workflows/operator-workflows/tests/workflows/integration/test-upload-charm/.tox/integration/lib/python3.10/site-packages/_pytest/logging.py\", line 850, in pytest_runtest_call\n    yield\n  File \"/home/runner/work/operator-workflows/operator-workflows/tests/workflows/integration/test-upload-charm/.tox/integration/lib/python3.10/site-packages/pluggy/_callers.py\", line 139, in _multicall\n    teardown.throw(exception)\n  File \"/home/runner/work/operator-workflows/operator-workflows/tests/workflows/integration/test-upload-charm/.tox/integration/lib/python3.10/site-packages/pluggy/_callers.py\", line 53, in run_old_style_hookwrapper\n    return result.get_result()\n  File \"/home/runner/work/operator-workflows/operator-workflows/tests/workflows/integration/test-upload-charm/.tox/integration/lib/python3.10/site-packages/pluggy/_result.py\", line 103, in get_result\n    raise exc.with_traceback(tb)\n  File \"/home/runner/work/operator-workflows/operator-workflows/tests/workflows/integration/test-upload-charm/.tox/integration/lib/python3.10/site-packages/pluggy/_callers.py\", line 38, in run_old_style_hookwrapper\n    res = yield\n  File \"/home/runner/work/operator-workflows/operator-workflows/tests/workflows/integration/test-upload-charm/.tox/integration/lib/python3.10/site-packages/pluggy/_callers.py\", line 139, in _multicall\n    teardown.throw(exception)\n  File \"/home/runner/work/operator-workflows/operator-workflows/tests/workflows/integration/test-upload-charm/.tox/integration/lib/python3.10/site-packages/_pytest/capture.py\", line 900, in pytest_runtest_call\n    return (yield)\n  File \"/home/runner/work/operator-workflows/operator-workflows/tests/workflows/integration/test-upload-charm/.tox/integration/lib/python3.10/site-packages/pluggy/_callers.py\", line 139, in _multicall\n    teardown.throw(exception)\n  File \"/home/runner/work/operator-workflows/operator-workflows/tests/workflows/integration/test-upload-charm/.tox/integration/lib/python3.10/site-packages/_pytest/skipping.py\", line 263, in pytest_runtest_call\n    return (yield)\n  File \"/home/runner/work/operator-workflows/operator-workflows/tests/workflows/integration/test-upload-charm/.tox/integration/lib/python3.10/site-packages/pluggy/_callers.py\", line 121, in _multicall\n    res = hook_impl.function(*args)\n  File \"/home/runner/work/operator-workflows/operator-workflows/tests/workflows/integration/test-upload-charm/.tox/integration/lib/python3.10/site-packages/_pytest/runner.py\", line 178, in pytest_runtest_call\n    item.runtest()\n  File \"/home/runner/work/operator-workflows/operator-workflows/tests/workflows/integration/test-upload-charm/.tox/integration/lib/python3.10/site-packages/_pytest/python.py\", line 1671, in runtest\n    self.ihook.pytest_pyfunc_call(pyfuncitem=self)\n  File \"/home/runner/work/operator-workflows/operator-workflows/tests/workflows/integration/test-upload-charm/.tox/integration/lib/python3.10/site-packages/pluggy/_hooks.py\", line 512, in __call__\n    return self._hookexec(self.name, self._hookimpls.copy(), kwargs, firstresult)\n  File \"/home/runner/work/operator-workflows/operator-workflows/tests/workflows/integration/test-upload-charm/.tox/integration/lib/python3.10/site-packages/pluggy/_manager.py\", line 120, in _hookexec\n    return self._inner_hookexec(hook_name, methods, kwargs, firstresult)\n  File \"/home/runner/work/operator-workflows/operator-workflows/tests/workflows/integration/test-upload-charm/.tox/integration/lib/python3.10/site-packages/pluggy/_callers.py\", line 167, in _multicall\n    raise exception\n  File \"/home/runner/work/operator-workflows/operator-workflows/tests/workflows/integration/test-upload-charm/.tox/integration/lib/python3.10/site-packages/pluggy/_callers.py\", line 139, in _multicall\n    teardown.throw(exception)\n  File \"/home/runner/work/operator-workflows/operator-workflows/tests/workflows/integration/test-upload-charm/.tox/integration/lib/python3.10/site-packages/pluggy/_callers.py\", line 53, in run_old_style_hookwrapper\n    return result.get_result()\n  File \"/home/runner/work/operator-workflows/operator-workflows/tests/workflows/integration/test-upload-charm/.tox/integration/lib/python3.10/site-packages/pluggy/_result.py\", line 103, in get_result\n    raise exc.with_traceback(tb)\n  File \"/home/runner/work/operator-workflows/operator-workflows/tests/workflows/integration/test-upload-charm/.tox/integration/lib/python3.10/site-packages/pluggy/_callers.py\", line 38, in run_old_style_hookwrapper\n    res = yield\n  File \"/home/runner/work/operator-workflows/operator-workflows/tests/workflows/integration/test-upload-charm/.tox/integration/lib/python3.10/site-packages/pluggy/_callers.py\", line 121, in _multicall\n    res = hook_impl.function(*args)\n  File \"/home/runner/work/operator-workflows/operator-workflows/tests/workflows/integration/test-upload-charm/.tox/integration/lib/python3.10/site-packages/_pytest/python.py\", line 157, in pytest_pyfunc_call\n    result = testfunction(**testargs)\n  File \"/home/runner/work/operator-workflows/operator-workflows/tests/workflows/integration/test-upload-charm/.tox/integration/lib/python3.10/site-packages/pytest_asyncio/plugin.py\", line 529, in inner\n    _loop.run_until_complete(task)\n  File \"/usr/lib/python3.10/asyncio/base_events.py\", line 649, in run_until_complete\n    return future.result()\n  File \"/home/runner/work/operator-workflows/operator-workflows/tests/workflows/integration/test-upload-charm/tests/integration/test_charm.py\", line 25, in test_build_and_deploy\n    await asyncio.gather(\n  File \"/home/runner/work/operator-workflows/operator-workflows/tests/workflows/integration/test-upload-charm/.tox/integration/lib/python3.10/site-packages/juju/model.py\", line 1728, in deploy\n    base = utils.get_local_charm_base(charm_series, charm_dir, client.Base)\n  File \"/home/runner/work/operator-workflows/operator-workflows/tests/workflows/integration/test-upload-charm/.tox/integration/lib/python3.10/site-packages/juju/utils.py\", line 356, in get_local_charm_base\n    channel_for_base = get_series_version(series) if series else ''\n  File \"/home/runner/work/operator-workflows/operator-workflows/tests/workflows/integration/test-upload-charm/.tox/integration/lib/python3.10/site-packages/juju/utils.py\", line 331, in get_series_version\n    raise errors.JujuError(\"Unknown series : %s\", series_name)\njuju.errors.JujuError: ('Unknown series : %s', 'noble')","steps":[],"attachments":[{"uid":"df9af4ff2514bcc5","name":"log","source":"df9af4ff2514bcc5.txt","type":"text/plain","size":617}],"parameters":[],"shouldDisplayMessage":true,"stepsCount":0,"attachmentsCount":1,"hasContent":true,"attachmentStep":false},"afterStages":[{"name":"ops_test::finalizer","time":{"start":1756800929696,"stop":1756800931985,"duration":2289},"status":"passed","steps":[],"attachments":[],"parameters":[],"shouldDisplayMessage":false,"stepsCount":0,"attachmentsCount":0,"hasContent":false,"attachmentStep":false},{"name":"abort_on_fail::0","time":{"start":1756800929696,"stop":1756800929696,"duration":0},"status":"passed","steps":[],"attachments":[],"parameters":[],"shouldDisplayMessage":false,"stepsCount":0,"attachmentsCount":0,"hasContent":false,"attachmentStep":false},{"name":"event_loop::2","time":{"start":1756800931986,"stop":1756800931986,"duration":0},"status":"passed","steps":[],"attachments":[],"parameters":[],"shouldDisplayMessage":false,"stepsCount":0,"attachmentsCount":0,"hasContent":false,"attachmentStep":false},{"name":"event_loop::_close_event_loop","time":{"start":1756800931986,"stop":1756800931986,"duration":0},"status":"passed","steps":[],"attachments":[],"parameters":[],"shouldDisplayMessage":false,"stepsCount":0,"attachmentsCount":0,"hasContent":false,"attachmentStep":false},{"name":"event_loop::_provide_clean_event_loop","time":{"start":1756800931986,"stop":1756800931986,"duration":0},"status":"passed","steps":[],"attachments":[],"parameters":[],"shouldDisplayMessage":false,"stepsCount":0,"attachmentsCount":0,"hasContent":false,"attachmentStep":false}],"labels":[{"name":"tag","value":"asyncio"},{"name":"parentSuite","value":"tests.integration"},{"name":"suite","value":"test_charm"},{"name":"host","value":"pkrvm2jjpg2dj4m"},{"name":"thread","value":"19598-MainThread"},{"name":"framework","value":"pytest"},{"name":"language","value":"cpython3"},{"name":"package","value":"tests.integration.test_charm"},{"name":"resultFormat","value":"allure2"}],"parameters":[],"links":[],"hidden":true,"retry":true,"extra":{"categories":[],"tags":["asyncio"]},"source":"53fe8a0c716831a.json","parameterValues":[]}